{
  "stats": {
    "suites": 9,
    "tests": 32,
    "passes": 32,
    "pending": 0,
    "failures": 0,
    "start": "2025-11-11T22:33:23.157Z",
    "end": "2025-11-11T22:33:40.041Z",
    "duration": 16884,
    "testsRegistered": 32,
    "passPercent": 100,
    "pendingPercent": 0,
    "other": 0,
    "hasOther": false,
    "skipped": 0,
    "hasSkipped": false
  },
  "results": [
    {
      "uuid": "fe6cf398-681c-45d0-a37d-a71823598b25",
      "title": "",
      "fullFile": "cypress/e2e/map-navigation.cy.ts",
      "file": "cypress/e2e/map-navigation.cy.ts",
      "beforeHooks": [],
      "afterHooks": [],
      "tests": [],
      "suites": [
        {
          "uuid": "1ae0ac40-51fd-4edb-a500-43f9dcc0bafc",
          "title": "Campus Map Navigation",
          "fullFile": "",
          "file": "",
          "beforeHooks": [],
          "afterHooks": [],
          "tests": [],
          "suites": [
            {
              "uuid": "6ba7ed4b-1b09-4d10-9245-ddaa681d68be",
              "title": "Application Loading",
              "fullFile": "",
              "file": "",
              "beforeHooks": [],
              "afterHooks": [],
              "tests": [
                {
                  "title": "should load the application successfully",
                  "fullTitle": "Campus Map Navigation Application Loading should load the application successfully",
                  "timedOut": null,
                  "duration": 825,
                  "state": "passed",
                  "speed": "fast",
                  "pass": true,
                  "fail": false,
                  "pending": false,
                  "context": null,
                  "code": "cy.get('[data-testid=\"app-header\"]').should(\"be.visible\");\ncy.contains(\"MavPath\").should(\"be.visible\");",
                  "err": {},
                  "uuid": "0c1311be-d958-4d90-a3ea-b0d83a66e03e",
                  "parentUUID": "6ba7ed4b-1b09-4d10-9245-ddaa681d68be",
                  "isHook": false,
                  "skipped": false
                },
                {
                  "title": "should display the map canvas",
                  "fullTitle": "Campus Map Navigation Application Loading should display the map canvas",
                  "timedOut": null,
                  "duration": 218,
                  "state": "passed",
                  "speed": "fast",
                  "pass": true,
                  "fail": false,
                  "pending": false,
                  "context": null,
                  "code": "// Wait for Google Maps to load\ncy.get('[role=\"region\"]', { timeout: 10000 }).should(\"exist\");",
                  "err": {},
                  "uuid": "ab5e803b-0439-4d51-8318-cbecd4491ca6",
                  "parentUUID": "6ba7ed4b-1b09-4d10-9245-ddaa681d68be",
                  "isHook": false,
                  "skipped": false
                }
              ],
              "suites": [],
              "passes": [
                "0c1311be-d958-4d90-a3ea-b0d83a66e03e",
                "ab5e803b-0439-4d51-8318-cbecd4491ca6"
              ],
              "failures": [],
              "pending": [],
              "skipped": [],
              "duration": 1043,
              "root": false,
              "rootEmpty": false,
              "_timeout": 2000
            },
            {
              "uuid": "99a276c2-44d1-44df-b623-8064bf624187",
              "title": "Desktop View - Tab Navigation",
              "fullFile": "",
              "file": "",
              "beforeHooks": [],
              "afterHooks": [],
              "tests": [
                {
                  "title": "should have directions and events tabs visible",
                  "fullTitle": "Campus Map Navigation Desktop View - Tab Navigation should have directions and events tabs visible",
                  "timedOut": null,
                  "duration": 205,
                  "state": "passed",
                  "speed": "fast",
                  "pass": true,
                  "fail": false,
                  "pending": false,
                  "context": null,
                  "code": "cy.get('[data-testid=\"directions-tab\"]').should(\"be.visible\");\ncy.get('[data-testid=\"events-tab\"]').should(\"be.visible\");",
                  "err": {},
                  "uuid": "0f7c54b0-40e5-4f20-b06f-2eda30f6e9df",
                  "parentUUID": "99a276c2-44d1-44df-b623-8064bf624187",
                  "isHook": false,
                  "skipped": false
                },
                {
                  "title": "should have sidebar open by default on desktop",
                  "fullTitle": "Campus Map Navigation Desktop View - Tab Navigation should have sidebar open by default on desktop",
                  "timedOut": null,
                  "duration": 173,
                  "state": "passed",
                  "speed": "fast",
                  "pass": true,
                  "fail": false,
                  "pending": false,
                  "context": null,
                  "code": "// Sidebar should be visible on desktop (width >= 1024px)\ncy.get('[data-testid=\"directions-tab\"]').should(\"be.visible\");\ncy.get('[data-testid=\"events-tab\"]').should(\"be.visible\");",
                  "err": {},
                  "uuid": "fb03a8a8-bce4-40e4-a06d-b5852c5a5f48",
                  "parentUUID": "99a276c2-44d1-44df-b623-8064bf624187",
                  "isHook": false,
                  "skipped": false
                },
                {
                  "title": "should not show mobile menu button on desktop",
                  "fullTitle": "Campus Map Navigation Desktop View - Tab Navigation should not show mobile menu button on desktop",
                  "timedOut": null,
                  "duration": 188,
                  "state": "passed",
                  "speed": "fast",
                  "pass": true,
                  "fail": false,
                  "pending": false,
                  "context": null,
                  "code": "// Mobile menu button should be hidden on desktop (lg:hidden)\ncy.get('[data-testid=\"mobile-menu-button\"]').should(\"not.be.visible\");",
                  "err": {},
                  "uuid": "06eb6b8c-bd31-4a38-a150-a69fe1547444",
                  "parentUUID": "99a276c2-44d1-44df-b623-8064bf624187",
                  "isHook": false,
                  "skipped": false
                },
                {
                  "title": "should switch from directions to events tab",
                  "fullTitle": "Campus Map Navigation Desktop View - Tab Navigation should switch from directions to events tab",
                  "timedOut": null,
                  "duration": 399,
                  "state": "passed",
                  "speed": "fast",
                  "pass": true,
                  "fail": false,
                  "pending": false,
                  "context": null,
                  "code": "// Verify Directions tab is active by default\ncy.get('[data-testid=\"directions-tab\"]').first().should(\"have.attr\", \"aria-pressed\", \"true\");\n// Click Events tab (use .first() since tabs exist in both desktop and mobile sidebar)\ncy.get('[data-testid=\"events-tab\"]').first().click();\n// Verify Events tab is now active\ncy.get('[data-testid=\"events-tab\"]').first().should(\"have.attr\", \"aria-pressed\", \"true\");\ncy.get('[data-testid=\"directions-tab\"]').first().should(\"have.attr\", \"aria-pressed\", \"false\");",
                  "err": {},
                  "uuid": "cc79357b-d745-4f88-90fc-f7cd1ffbb738",
                  "parentUUID": "99a276c2-44d1-44df-b623-8064bf624187",
                  "isHook": false,
                  "skipped": false
                },
                {
                  "title": "should switch back to directions tab from events",
                  "fullTitle": "Campus Map Navigation Desktop View - Tab Navigation should switch back to directions tab from events",
                  "timedOut": null,
                  "duration": 536,
                  "state": "passed",
                  "speed": "fast",
                  "pass": true,
                  "fail": false,
                  "pending": false,
                  "context": null,
                  "code": "// Go to Events tab first\ncy.get('[data-testid=\"events-tab\"]').first().click();\n// Switch back to Directions\ncy.get('[data-testid=\"directions-tab\"]').first().click();\n// Verify Directions tab is active\ncy.get('[data-testid=\"directions-tab\"]').first().should(\"have.attr\", \"aria-pressed\", \"true\");\ncy.get('[data-testid=\"events-tab\"]').first().should(\"have.attr\", \"aria-pressed\", \"false\");",
                  "err": {},
                  "uuid": "0292a21c-f0fc-4835-b824-724cc1b02ac7",
                  "parentUUID": "99a276c2-44d1-44df-b623-8064bf624187",
                  "isHook": false,
                  "skipped": false
                }
              ],
              "suites": [],
              "passes": [
                "0f7c54b0-40e5-4f20-b06f-2eda30f6e9df",
                "fb03a8a8-bce4-40e4-a06d-b5852c5a5f48",
                "06eb6b8c-bd31-4a38-a150-a69fe1547444",
                "cc79357b-d745-4f88-90fc-f7cd1ffbb738",
                "0292a21c-f0fc-4835-b824-724cc1b02ac7"
              ],
              "failures": [],
              "pending": [],
              "skipped": [],
              "duration": 1501,
              "root": false,
              "rootEmpty": false,
              "_timeout": 2000
            },
            {
              "uuid": "96628205-1638-4569-bf4f-c64e764b8b58",
              "title": "Directions Panel",
              "fullFile": "",
              "file": "",
              "beforeHooks": [],
              "afterHooks": [],
              "tests": [
                {
                  "title": "should display origin input by default",
                  "fullTitle": "Campus Map Navigation Directions Panel should display origin input by default",
                  "timedOut": null,
                  "duration": 174,
                  "state": "passed",
                  "speed": "fast",
                  "pass": true,
                  "fail": false,
                  "pending": false,
                  "context": null,
                  "code": "cy.get('[data-testid=\"origin-input\"]').should(\"be.visible\");",
                  "err": {},
                  "uuid": "3819091b-e45d-4bca-98bc-e8746e7f2df1",
                  "parentUUID": "96628205-1638-4569-bf4f-c64e764b8b58",
                  "isHook": false,
                  "skipped": false
                },
                {
                  "title": "should not display destination input initially",
                  "fullTitle": "Campus Map Navigation Directions Panel should not display destination input initially",
                  "timedOut": null,
                  "duration": 159,
                  "state": "passed",
                  "speed": "fast",
                  "pass": true,
                  "fail": false,
                  "pending": false,
                  "context": null,
                  "code": "cy.get('[data-testid=\"destination-input\"]').should(\"not.exist\");",
                  "err": {},
                  "uuid": "3035b69f-8388-416e-86a6-97192c5d6fc5",
                  "parentUUID": "96628205-1638-4569-bf4f-c64e764b8b58",
                  "isHook": false,
                  "skipped": false
                },
                {
                  "title": "should have travel mode selector visible",
                  "fullTitle": "Campus Map Navigation Directions Panel should have travel mode selector visible",
                  "timedOut": null,
                  "duration": 169,
                  "state": "passed",
                  "speed": "fast",
                  "pass": true,
                  "fail": false,
                  "pending": false,
                  "context": null,
                  "code": "cy.contains(\"Travel Mode\").should(\"be.visible\");\ncy.get('button[id=\"mode\"]').should(\"be.visible\");",
                  "err": {},
                  "uuid": "e60c9a98-ac9d-4ed9-a895-2a139c347037",
                  "parentUUID": "96628205-1638-4569-bf4f-c64e764b8b58",
                  "isHook": false,
                  "skipped": false
                },
                {
                  "title": "should have get directions button",
                  "fullTitle": "Campus Map Navigation Directions Panel should have get directions button",
                  "timedOut": null,
                  "duration": 162,
                  "state": "passed",
                  "speed": "fast",
                  "pass": true,
                  "fail": false,
                  "pending": false,
                  "context": null,
                  "code": "cy.contains(\"Choose Destination\").should(\"be.visible\");",
                  "err": {},
                  "uuid": "8349600e-4738-4689-90cc-08dc7f4321e5",
                  "parentUUID": "96628205-1638-4569-bf4f-c64e764b8b58",
                  "isHook": false,
                  "skipped": false
                },
                {
                  "title": "should display quick start tips",
                  "fullTitle": "Campus Map Navigation Directions Panel should display quick start tips",
                  "timedOut": null,
                  "duration": 167,
                  "state": "passed",
                  "speed": "fast",
                  "pass": true,
                  "fail": false,
                  "pending": false,
                  "context": null,
                  "code": "cy.contains(\"Quick Start\").should(\"be.visible\");\ncy.contains(\"Select a starting point\").should(\"be.visible\");",
                  "err": {},
                  "uuid": "bf7c0fda-21e4-4d1b-a24c-47bc2fa7a18d",
                  "parentUUID": "96628205-1638-4569-bf4f-c64e764b8b58",
                  "isHook": false,
                  "skipped": false
                }
              ],
              "suites": [],
              "passes": [
                "3819091b-e45d-4bca-98bc-e8746e7f2df1",
                "3035b69f-8388-416e-86a6-97192c5d6fc5",
                "e60c9a98-ac9d-4ed9-a895-2a139c347037",
                "8349600e-4738-4689-90cc-08dc7f4321e5",
                "bf7c0fda-21e4-4d1b-a24c-47bc2fa7a18d"
              ],
              "failures": [],
              "pending": [],
              "skipped": [],
              "duration": 831,
              "root": false,
              "rootEmpty": false,
              "_timeout": 2000
            },
            {
              "uuid": "9ab2b936-19de-45a5-8a5e-c20888fc0e6f",
              "title": "Events Panel",
              "fullFile": "",
              "file": "",
              "beforeHooks": [],
              "afterHooks": [],
              "tests": [
                {
                  "title": "should display events search input",
                  "fullTitle": "Campus Map Navigation Events Panel should display events search input",
                  "timedOut": null,
                  "duration": 302,
                  "state": "passed",
                  "speed": "fast",
                  "pass": true,
                  "fail": false,
                  "pending": false,
                  "context": null,
                  "code": "cy.get('[data-testid=\"events-search-input\"]').should(\"be.visible\");",
                  "err": {},
                  "uuid": "bc1d0c1d-2440-4789-84d9-4f01fd4059b3",
                  "parentUUID": "9ab2b936-19de-45a5-8a5e-c20888fc0e6f",
                  "isHook": false,
                  "skipped": false
                },
                {
                  "title": "should have date filter input",
                  "fullTitle": "Campus Map Navigation Events Panel should have date filter input",
                  "timedOut": null,
                  "duration": 387,
                  "state": "passed",
                  "speed": "fast",
                  "pass": true,
                  "fail": false,
                  "pending": false,
                  "context": null,
                  "code": "cy.get('input[id=\"events-date\"]').should(\"be.visible\");",
                  "err": {},
                  "uuid": "b78d9e65-283a-4458-8fa8-4df66afa6b77",
                  "parentUUID": "9ab2b936-19de-45a5-8a5e-c20888fc0e6f",
                  "isHook": false,
                  "skipped": false
                },
                {
                  "title": "should have location filter dropdown",
                  "fullTitle": "Campus Map Navigation Events Panel should have location filter dropdown",
                  "timedOut": null,
                  "duration": 401,
                  "state": "passed",
                  "speed": "fast",
                  "pass": true,
                  "fail": false,
                  "pending": false,
                  "context": null,
                  "code": "cy.get('button[id=\"events-location\"]').should(\"be.visible\");\ncy.contains(\"All locations\").should(\"be.visible\");",
                  "err": {},
                  "uuid": "3b24f730-7171-455d-b689-e199ddd8328a",
                  "parentUUID": "9ab2b936-19de-45a5-8a5e-c20888fc0e6f",
                  "isHook": false,
                  "skipped": false
                },
                {
                  "title": "should have tag filter dropdown",
                  "fullTitle": "Campus Map Navigation Events Panel should have tag filter dropdown",
                  "timedOut": null,
                  "duration": 384,
                  "state": "passed",
                  "speed": "fast",
                  "pass": true,
                  "fail": false,
                  "pending": false,
                  "context": null,
                  "code": "cy.get('button[id=\"events-tag\"]').should(\"be.visible\");",
                  "err": {},
                  "uuid": "880cee05-e449-4033-b4a4-a91e7c224c18",
                  "parentUUID": "9ab2b936-19de-45a5-8a5e-c20888fc0e6f",
                  "isHook": false,
                  "skipped": false
                },
                {
                  "title": "should have reset filters button",
                  "fullTitle": "Campus Map Navigation Events Panel should have reset filters button",
                  "timedOut": null,
                  "duration": 395,
                  "state": "passed",
                  "speed": "fast",
                  "pass": true,
                  "fail": false,
                  "pending": false,
                  "context": null,
                  "code": "cy.contains(\"Reset filters\").should(\"be.visible\");",
                  "err": {},
                  "uuid": "9bbde421-12f9-4aa9-847d-8b6e28c13a27",
                  "parentUUID": "9ab2b936-19de-45a5-8a5e-c20888fc0e6f",
                  "isHook": false,
                  "skipped": false
                },
                {
                  "title": "should allow typing in search input",
                  "fullTitle": "Campus Map Navigation Events Panel should allow typing in search input",
                  "timedOut": null,
                  "duration": 797,
                  "state": "passed",
                  "speed": "fast",
                  "pass": true,
                  "fail": false,
                  "pending": false,
                  "context": null,
                  "code": "cy.get('[data-testid=\"events-search-input\"]')\n    .first()\n    .type(\"engineering\")\n    .should(\"have.value\", \"engineering\");",
                  "err": {},
                  "uuid": "4fae02bb-6d59-4905-b6e2-fbf7c2d7cb14",
                  "parentUUID": "9ab2b936-19de-45a5-8a5e-c20888fc0e6f",
                  "isHook": false,
                  "skipped": false
                }
              ],
              "suites": [],
              "passes": [
                "bc1d0c1d-2440-4789-84d9-4f01fd4059b3",
                "b78d9e65-283a-4458-8fa8-4df66afa6b77",
                "3b24f730-7171-455d-b689-e199ddd8328a",
                "880cee05-e449-4033-b4a4-a91e7c224c18",
                "9bbde421-12f9-4aa9-847d-8b6e28c13a27",
                "4fae02bb-6d59-4905-b6e2-fbf7c2d7cb14"
              ],
              "failures": [],
              "pending": [],
              "skipped": [],
              "duration": 2666,
              "root": false,
              "rootEmpty": false,
              "_timeout": 2000
            },
            {
              "uuid": "043e0a52-8118-4196-9ab8-1f5e4eaba44e",
              "title": "Map Controls",
              "fullFile": "",
              "file": "",
              "beforeHooks": [],
              "afterHooks": [],
              "tests": [
                {
                  "title": "should have events toggle switch visible",
                  "fullTitle": "Campus Map Navigation Map Controls should have events toggle switch visible",
                  "timedOut": null,
                  "duration": 163,
                  "state": "passed",
                  "speed": "fast",
                  "pass": true,
                  "fail": false,
                  "pending": false,
                  "context": null,
                  "code": "cy.get('[data-testid=\"events-toggle\"]').should(\"be.visible\");",
                  "err": {},
                  "uuid": "754a2773-604f-41bb-a63a-8071d531ee09",
                  "parentUUID": "043e0a52-8118-4196-9ab8-1f5e4eaba44e",
                  "isHook": false,
                  "skipped": false
                },
                {
                  "title": "should have shuttles toggle button visible",
                  "fullTitle": "Campus Map Navigation Map Controls should have shuttles toggle button visible",
                  "timedOut": null,
                  "duration": 175,
                  "state": "passed",
                  "speed": "fast",
                  "pass": true,
                  "fail": false,
                  "pending": false,
                  "context": null,
                  "code": "cy.get('[data-testid=\"shuttles-toggle-button\"]').should(\"be.visible\");",
                  "err": {},
                  "uuid": "967a95e7-1481-4888-9163-3f96a4a8c7e4",
                  "parentUUID": "043e0a52-8118-4196-9ab8-1f5e4eaba44e",
                  "isHook": false,
                  "skipped": false
                },
                {
                  "title": "should be able to toggle events switch",
                  "fullTitle": "Campus Map Navigation Map Controls should be able to toggle events switch",
                  "timedOut": null,
                  "duration": 287,
                  "state": "passed",
                  "speed": "fast",
                  "pass": true,
                  "fail": false,
                  "pending": false,
                  "context": null,
                  "code": "// Click events toggle\ncy.get('[data-testid=\"events-toggle\"]').click();\n// Should still be visible after click\ncy.get('[data-testid=\"events-toggle\"]').should(\"be.visible\");",
                  "err": {},
                  "uuid": "88d6a68d-ab2b-41e2-9453-c2d6a23e9f5e",
                  "parentUUID": "043e0a52-8118-4196-9ab8-1f5e4eaba44e",
                  "isHook": false,
                  "skipped": false
                },
                {
                  "title": "should be able to click shuttles toggle button",
                  "fullTitle": "Campus Map Navigation Map Controls should be able to click shuttles toggle button",
                  "timedOut": null,
                  "duration": 294,
                  "state": "passed",
                  "speed": "fast",
                  "pass": true,
                  "fail": false,
                  "pending": false,
                  "context": null,
                  "code": "// Click shuttles button to open popover\ncy.get('[data-testid=\"shuttles-toggle-button\"]').click();\n// Popover should appear with shuttle routes\ncy.contains(\"Shuttle routes\").should(\"be.visible\");",
                  "err": {},
                  "uuid": "48d5158b-9978-49e7-aa2e-f2a01e7be5b9",
                  "parentUUID": "043e0a52-8118-4196-9ab8-1f5e4eaba44e",
                  "isHook": false,
                  "skipped": false
                }
              ],
              "suites": [],
              "passes": [
                "754a2773-604f-41bb-a63a-8071d531ee09",
                "967a95e7-1481-4888-9163-3f96a4a8c7e4",
                "88d6a68d-ab2b-41e2-9453-c2d6a23e9f5e",
                "48d5158b-9978-49e7-aa2e-f2a01e7be5b9"
              ],
              "failures": [],
              "pending": [],
              "skipped": [],
              "duration": 919,
              "root": false,
              "rootEmpty": false,
              "_timeout": 2000
            },
            {
              "uuid": "7f6bd774-1717-4222-b24e-2b1bb56cf82f",
              "title": "Event Assistant Bubble",
              "fullFile": "",
              "file": "",
              "beforeHooks": [],
              "afterHooks": [],
              "tests": [
                {
                  "title": "should display the AI assistant bubble",
                  "fullTitle": "Campus Map Navigation Event Assistant Bubble should display the AI assistant bubble",
                  "timedOut": null,
                  "duration": 176,
                  "state": "passed",
                  "speed": "fast",
                  "pass": true,
                  "fail": false,
                  "pending": false,
                  "context": null,
                  "code": "// Look for the AI bubble button\ncy.contains(\"AI\").should(\"be.visible\");",
                  "err": {},
                  "uuid": "1c69fe77-4dc0-4f64-87d0-2d5339359e50",
                  "parentUUID": "7f6bd774-1717-4222-b24e-2b1bb56cf82f",
                  "isHook": false,
                  "skipped": false
                },
                {
                  "title": "should have bot icon in the bubble",
                  "fullTitle": "Campus Map Navigation Event Assistant Bubble should have bot icon in the bubble",
                  "timedOut": null,
                  "duration": 161,
                  "state": "passed",
                  "speed": "fast",
                  "pass": true,
                  "fail": false,
                  "pending": false,
                  "context": null,
                  "code": "// The bubble should be visible in the bottom-right area\ncy.get('button[aria-label=\"Open UTA Event Assistant chat\"]').should(\"exist\");",
                  "err": {},
                  "uuid": "7989555c-7585-46a1-b5eb-5e836e2ca3b9",
                  "parentUUID": "7f6bd774-1717-4222-b24e-2b1bb56cf82f",
                  "isHook": false,
                  "skipped": false
                }
              ],
              "suites": [],
              "passes": [
                "1c69fe77-4dc0-4f64-87d0-2d5339359e50",
                "7989555c-7585-46a1-b5eb-5e836e2ca3b9"
              ],
              "failures": [],
              "pending": [],
              "skipped": [],
              "duration": 337,
              "root": false,
              "rootEmpty": false,
              "_timeout": 2000
            },
            {
              "uuid": "aff6b206-61a6-4b4f-b23f-c030525d738b",
              "title": "Mobile View - Sidebar Toggle",
              "fullFile": "",
              "file": "",
              "beforeHooks": [],
              "afterHooks": [],
              "tests": [
                {
                  "title": "should show mobile menu button in header on mobile",
                  "fullTitle": "Campus Map Navigation Mobile View - Sidebar Toggle should show mobile menu button in header on mobile",
                  "timedOut": null,
                  "duration": 318,
                  "state": "passed",
                  "speed": "fast",
                  "pass": true,
                  "fail": false,
                  "pending": false,
                  "context": null,
                  "code": "cy.get('[data-testid=\"mobile-menu-button\"]').should(\"be.visible\");",
                  "err": {},
                  "uuid": "fca8ffdc-396f-4d74-a26b-509b3b83256a",
                  "parentUUID": "aff6b206-61a6-4b4f-b23f-c030525d738b",
                  "isHook": false,
                  "skipped": false
                },
                {
                  "title": "should have sidebar closed by default on mobile",
                  "fullTitle": "Campus Map Navigation Mobile View - Sidebar Toggle should have sidebar closed by default on mobile",
                  "timedOut": null,
                  "duration": 330,
                  "state": "passed",
                  "speed": "fast",
                  "pass": true,
                  "fail": false,
                  "pending": false,
                  "context": null,
                  "code": "// The sidebar should not be open initially on mobile\n// Check aria-expanded attribute on mobile menu button\ncy.get('[data-testid=\"mobile-menu-button\"]').should(\"have.attr\", \"aria-expanded\", \"false\");",
                  "err": {},
                  "uuid": "ba4a435c-17bd-496d-8cda-345213762585",
                  "parentUUID": "aff6b206-61a6-4b4f-b23f-c030525d738b",
                  "isHook": false,
                  "skipped": false
                },
                {
                  "title": "should open sidebar when clicking mobile menu button",
                  "fullTitle": "Campus Map Navigation Mobile View - Sidebar Toggle should open sidebar when clicking mobile menu button",
                  "timedOut": null,
                  "duration": 1149,
                  "state": "passed",
                  "speed": "fast",
                  "pass": true,
                  "fail": false,
                  "pending": false,
                  "context": null,
                  "code": "// Click the hamburger menu button (use force: true to click through SVG icon)\ncy.get('[data-testid=\"mobile-menu-button\"]').click({ force: true });\n// Wait for sidebar animation\ncy.wait(350);\n// Check that button shows sidebar is expanded\ncy.get('[data-testid=\"mobile-menu-button\"]').should(\"have.attr\", \"aria-expanded\", \"true\");\n// Sidebar tabs should now be visible\ncy.get('[data-testid=\"directions-tab\"]').should(\"be.visible\");\ncy.get('[data-testid=\"events-tab\"]').should(\"be.visible\");\ncy.get('[data-testid=\"mobile-menu-close\"]').should(\"be.visible\");",
                  "err": {},
                  "uuid": "a4ddf2b4-65d5-4d45-97fa-d57fd39d046e",
                  "parentUUID": "aff6b206-61a6-4b4f-b23f-c030525d738b",
                  "isHook": false,
                  "skipped": false
                },
                {
                  "title": "should close sidebar when clicking close button",
                  "fullTitle": "Campus Map Navigation Mobile View - Sidebar Toggle should close sidebar when clicking close button",
                  "timedOut": null,
                  "duration": 1410,
                  "state": "passed",
                  "speed": "fast",
                  "pass": true,
                  "fail": false,
                  "pending": false,
                  "context": null,
                  "code": "// Open sidebar first\ncy.get('[data-testid=\"mobile-menu-button\"]').click({ force: true });\ncy.wait(350);\n// Click close button (use force to click through SVG icon, and .first() for duplicate elements)\ncy.get('[data-testid=\"mobile-menu-close\"]').first().click({ force: true });\ncy.wait(350);\n// Check that sidebar is closed via aria-expanded\ncy.get('[data-testid=\"mobile-menu-button\"]').should(\"have.attr\", \"aria-expanded\", \"false\");",
                  "err": {},
                  "uuid": "5063d24d-f3e0-4c73-a45b-00fa448e2027",
                  "parentUUID": "aff6b206-61a6-4b4f-b23f-c030525d738b",
                  "isHook": false,
                  "skipped": false
                },
                {
                  "title": "should be able to switch tabs on mobile",
                  "fullTitle": "Campus Map Navigation Mobile View - Sidebar Toggle should be able to switch tabs on mobile",
                  "timedOut": null,
                  "duration": 1204,
                  "state": "passed",
                  "speed": "fast",
                  "pass": true,
                  "fail": false,
                  "pending": false,
                  "context": null,
                  "code": "// Open sidebar\ncy.get('[data-testid=\"mobile-menu-button\"]').click({ force: true });\ncy.wait(350);\n// Switch to Events tab (the mobile sidebar tabs are the last matching elements)\ncy.get('[data-testid=\"events-tab\"]').last().click();\n// Events panel should be visible\ncy.get('[data-testid=\"events-search-input\"]').should(\"be.visible\");\n// Switch back to Directions\ncy.get('[data-testid=\"directions-tab\"]').last().click();\n// Directions panel should be visible\ncy.get('[data-testid=\"origin-input\"]').should(\"be.visible\");",
                  "err": {},
                  "uuid": "04c16a36-86e1-48bc-b604-eff0bd1a915b",
                  "parentUUID": "aff6b206-61a6-4b4f-b23f-c030525d738b",
                  "isHook": false,
                  "skipped": false
                }
              ],
              "suites": [],
              "passes": [
                "fca8ffdc-396f-4d74-a26b-509b3b83256a",
                "ba4a435c-17bd-496d-8cda-345213762585",
                "a4ddf2b4-65d5-4d45-97fa-d57fd39d046e",
                "5063d24d-f3e0-4c73-a45b-00fa448e2027",
                "04c16a36-86e1-48bc-b604-eff0bd1a915b"
              ],
              "failures": [],
              "pending": [],
              "skipped": [],
              "duration": 4411,
              "root": false,
              "rootEmpty": false,
              "_timeout": 2000
            },
            {
              "uuid": "9ddfc0a6-1789-4dc7-95cc-809a18641b9c",
              "title": "Responsive Behavior",
              "fullFile": "",
              "file": "",
              "beforeHooks": [],
              "afterHooks": [],
              "tests": [
                {
                  "title": "should adapt to tablet viewport (768px)",
                  "fullTitle": "Campus Map Navigation Responsive Behavior should adapt to tablet viewport (768px)",
                  "timedOut": null,
                  "duration": 927,
                  "state": "passed",
                  "speed": "fast",
                  "pass": true,
                  "fail": false,
                  "pending": false,
                  "context": null,
                  "code": "// Set viewport before visiting\ncy.viewport(768, 1024);\ncy.visit(\"/\");\n// Mobile menu should still be visible on tablet\ncy.get('[data-testid=\"mobile-menu-button\"]').should(\"be.visible\");\n// Should be able to open sidebar\ncy.get('[data-testid=\"mobile-menu-button\"]').click({ force: true });\ncy.wait(350);\ncy.get('[data-testid=\"directions-tab\"]').should(\"be.visible\");",
                  "err": {},
                  "uuid": "0e283f3b-e9a8-48a0-ad46-af1c42ba312c",
                  "parentUUID": "9ddfc0a6-1789-4dc7-95cc-809a18641b9c",
                  "isHook": false,
                  "skipped": false
                },
                {
                  "title": "should show full layout on desktop viewport (1280px)",
                  "fullTitle": "Campus Map Navigation Responsive Behavior should show full layout on desktop viewport (1280px)",
                  "timedOut": null,
                  "duration": 269,
                  "state": "passed",
                  "speed": "fast",
                  "pass": true,
                  "fail": false,
                  "pending": false,
                  "context": null,
                  "code": "// This is the default viewport, so can use normal beforeEach\ncy.get('[data-testid=\"mobile-menu-button\"]').should(\"not.be.visible\");\n// Sidebar should be visible by default\ncy.get('[data-testid=\"directions-tab\"]').should(\"be.visible\");\ncy.get('[data-testid=\"events-tab\"]').should(\"be.visible\");",
                  "err": {},
                  "uuid": "2a521a3d-4dce-42db-8898-b63495c948db",
                  "parentUUID": "9ddfc0a6-1789-4dc7-95cc-809a18641b9c",
                  "isHook": false,
                  "skipped": false
                },
                {
                  "title": "should show full layout on large desktop (1920px)",
                  "fullTitle": "Campus Map Navigation Responsive Behavior should show full layout on large desktop (1920px)",
                  "timedOut": null,
                  "duration": 435,
                  "state": "passed",
                  "speed": "fast",
                  "pass": true,
                  "fail": false,
                  "pending": false,
                  "context": null,
                  "code": "// Set viewport before visiting\ncy.viewport(1920, 1080);\ncy.visit(\"/\");\n// Sidebar should be fully visible\ncy.get('[data-testid=\"directions-tab\"]').should(\"be.visible\");\ncy.get('[data-testid=\"events-tab\"]').should(\"be.visible\");\ncy.get('[data-testid=\"origin-input\"]').should(\"be.visible\");\n// Map should be visible\ncy.get('[role=\"region\"]', { timeout: 10000 }).should(\"exist\");",
                  "err": {},
                  "uuid": "05e75702-7568-42f6-a8f6-a9dc89af0e87",
                  "parentUUID": "9ddfc0a6-1789-4dc7-95cc-809a18641b9c",
                  "isHook": false,
                  "skipped": false
                }
              ],
              "suites": [],
              "passes": [
                "0e283f3b-e9a8-48a0-ad46-af1c42ba312c",
                "2a521a3d-4dce-42db-8898-b63495c948db",
                "05e75702-7568-42f6-a8f6-a9dc89af0e87"
              ],
              "failures": [],
              "pending": [],
              "skipped": [],
              "duration": 1631,
              "root": false,
              "rootEmpty": false,
              "_timeout": 2000
            }
          ],
          "passes": [],
          "failures": [],
          "pending": [],
          "skipped": [],
          "duration": 0,
          "root": false,
          "rootEmpty": false,
          "_timeout": 2000
        }
      ],
      "passes": [],
      "failures": [],
      "pending": [],
      "skipped": [],
      "duration": 0,
      "root": true,
      "rootEmpty": true,
      "_timeout": 2000
    }
  ],
  "meta": {
    "mocha": {
      "version": "7.2.0"
    },
    "mochawesome": {
      "options": {
        "quiet": false,
        "reportFilename": "mochawesome",
        "saveHtml": false,
        "saveJson": true,
        "consoleReporter": "spec",
        "useInlineDiffs": false,
        "code": true
      },
      "version": "7.1.4"
    },
    "marge": {
      "options": {
        "reportDir": "cypress/reports/mochawesome",
        "overwrite": false,
        "html": false,
        "json": true,
        "timestamp": "mmddyyyy_HHMMss"
      },
      "version": "6.3.2"
    }
  }
}