{"integrationTests/src/components/maps/DirectionsPanel.tsx": {"path":"integrationTests/src/components/maps/DirectionsPanel.tsx","statementMap":{"0":{"start":{"line":22,"column":31},"end":{"line":224,"column":null}},"1":{"start":{"line":23,"column":27},"end":{"line":23,"column":null}},"2":{"start":{"line":24,"column":37},"end":{"line":24,"column":null}},"3":{"start":{"line":25,"column":35},"end":{"line":25,"column":null}},"4":{"start":{"line":26,"column":41},"end":{"line":26,"column":null}},"5":{"start":{"line":27,"column":53},"end":{"line":27,"column":null}},"6":{"start":{"line":28,"column":37},"end":{"line":28,"column":null}},"7":{"start":{"line":29,"column":41},"end":{"line":29,"column":null}},"8":{"start":{"line":31,"column":8},"end":{"line":56,"column":null}},"9":{"start":{"line":32,"column":4},"end":{"line":32,"column":null}},"10":{"start":{"line":32,"column":51},"end":{"line":32,"column":null}},"11":{"start":{"line":33,"column":4},"end":{"line":36,"column":null}},"12":{"start":{"line":34,"column":6},"end":{"line":34,"column":null}},"13":{"start":{"line":35,"column":6},"end":{"line":35,"column":null}},"14":{"start":{"line":38,"column":4},"end":{"line":38,"column":null}},"15":{"start":{"line":40,"column":20},"end":{"line":40,"column":null}},"16":{"start":{"line":42,"column":4},"end":{"line":55,"column":null}},"17":{"start":{"line":43,"column":21},"end":{"line":47,"column":null}},"18":{"start":{"line":49,"column":6},"end":{"line":49,"column":null}},"19":{"start":{"line":50,"column":6},"end":{"line":50,"column":null}},"20":{"start":{"line":52,"column":6},"end":{"line":52,"column":null}},"21":{"start":{"line":54,"column":6},"end":{"line":54,"column":null}},"22":{"start":{"line":58,"column":2},"end":{"line":65,"column":null}},"23":{"start":{"line":59,"column":4},"end":{"line":59,"column":null}},"24":{"start":{"line":59,"column":32},"end":{"line":59,"column":null}},"25":{"start":{"line":60,"column":4},"end":{"line":60,"column":null}},"26":{"start":{"line":60,"column":30},"end":{"line":60,"column":null}},"27":{"start":{"line":61,"column":4},"end":{"line":61,"column":null}},"28":{"start":{"line":61,"column":51},"end":{"line":61,"column":null}},"29":{"start":{"line":62,"column":4},"end":{"line":62,"column":null}},"30":{"start":{"line":62,"column":38},"end":{"line":62,"column":null}},"31":{"start":{"line":64,"column":4},"end":{"line":64,"column":null}},"32":{"start":{"line":67,"column":21},"end":{"line":74,"column":null}},"33":{"start":{"line":68,"column":4},"end":{"line":68,"column":null}},"34":{"start":{"line":69,"column":4},"end":{"line":69,"column":null}},"35":{"start":{"line":70,"column":4},"end":{"line":70,"column":null}},"36":{"start":{"line":71,"column":4},"end":{"line":71,"column":null}},"37":{"start":{"line":72,"column":4},"end":{"line":72,"column":null}},"38":{"start":{"line":73,"column":4},"end":{"line":73,"column":null}},"39":{"start":{"line":76,"column":30},"end":{"line":81,"column":null}},"40":{"start":{"line":77,"column":4},"end":{"line":79,"column":null}},"41":{"start":{"line":78,"column":6},"end":{"line":78,"column":null}},"42":{"start":{"line":80,"column":4},"end":{"line":80,"column":null}},"43":{"start":{"line":83,"column":34},"end":{"line":90,"column":null}},"44":{"start":{"line":84,"column":4},"end":{"line":84,"column":null}},"45":{"start":{"line":85,"column":4},"end":{"line":85,"column":null}},"46":{"start":{"line":86,"column":4},"end":{"line":89,"column":null}},"47":{"start":{"line":87,"column":6},"end":{"line":87,"column":null}},"48":{"start":{"line":88,"column":6},"end":{"line":88,"column":null}},"49":{"start":{"line":92,"column":39},"end":{"line":94,"column":null}},"50":{"start":{"line":93,"column":4},"end":{"line":93,"column":null}},"51":{"start":{"line":96,"column":36},"end":{"line":105,"column":null}},"52":{"start":{"line":97,"column":4},"end":{"line":97,"column":null}},"53":{"start":{"line":97,"column":35},"end":{"line":97,"column":null}},"54":{"start":{"line":98,"column":21},"end":{"line":98,"column":44}},"55":{"start":{"line":99,"column":4},"end":{"line":103,"column":null}},"56":{"start":{"line":104,"column":4},"end":{"line":104,"column":null}},"57":{"start":{"line":107,"column":41},"end":{"line":115,"column":null}},"58":{"start":{"line":108,"column":4},"end":{"line":108,"column":null}},"59":{"start":{"line":108,"column":35},"end":{"line":108,"column":null}},"60":{"start":{"line":109,"column":21},"end":{"line":109,"column":44}},"61":{"start":{"line":110,"column":4},"end":{"line":114,"column":null}},"62":{"start":{"line":117,"column":35},"end":{"line":130,"column":null}},"63":{"start":{"line":118,"column":4},"end":{"line":127,"column":null}},"64":{"start":{"line":119,"column":6},"end":{"line":122,"column":null}},"65":{"start":{"line":120,"column":8},"end":{"line":120,"column":null}},"66":{"start":{"line":121,"column":8},"end":{"line":121,"column":null}},"67":{"start":{"line":124,"column":6},"end":{"line":124,"column":null}},"68":{"start":{"line":125,"column":6},"end":{"line":125,"column":null}},"69":{"start":{"line":126,"column":6},"end":{"line":126,"column":null}},"70":{"start":{"line":129,"column":4},"end":{"line":129,"column":null}},"71":{"start":{"line":132,"column":34},"end":{"line":132,"column":null}},"72":{"start":{"line":174,"column":63},"end":{"line":174,"column":null}}},"fnMap":{"0":{"name":"(anonymous_0)","decl":{"start":{"line":22,"column":31},"end":{"line":22,"column":32}},"loc":{"start":{"line":22,"column":109},"end":{"line":224,"column":null}},"line":22},"1":{"name":"(anonymous_1)","decl":{"start":{"line":31,"column":37},"end":{"line":31,"column":null}},"loc":{"start":{"line":31,"column":37},"end":{"line":56,"column":5}},"line":31},"2":{"name":"(anonymous_2)","decl":{"start":{"line":58,"column":12},"end":{"line":58,"column":null}},"loc":{"start":{"line":58,"column":12},"end":{"line":65,"column":5}},"line":58},"3":{"name":"(anonymous_3)","decl":{"start":{"line":67,"column":21},"end":{"line":67,"column":null}},"loc":{"start":{"line":67,"column":21},"end":{"line":74,"column":null}},"line":67},"4":{"name":"(anonymous_4)","decl":{"start":{"line":76,"column":30},"end":{"line":76,"column":31}},"loc":{"start":{"line":76,"column":31},"end":{"line":81,"column":null}},"line":76},"5":{"name":"(anonymous_5)","decl":{"start":{"line":83,"column":34},"end":{"line":83,"column":35}},"loc":{"start":{"line":83,"column":35},"end":{"line":90,"column":null}},"line":83},"6":{"name":"(anonymous_6)","decl":{"start":{"line":92,"column":39},"end":{"line":92,"column":40}},"loc":{"start":{"line":92,"column":40},"end":{"line":94,"column":null}},"line":92},"7":{"name":"(anonymous_7)","decl":{"start":{"line":96,"column":36},"end":{"line":96,"column":37}},"loc":{"start":{"line":96,"column":37},"end":{"line":105,"column":null}},"line":96},"8":{"name":"(anonymous_8)","decl":{"start":{"line":107,"column":41},"end":{"line":107,"column":42}},"loc":{"start":{"line":107,"column":42},"end":{"line":115,"column":null}},"line":107},"9":{"name":"(anonymous_9)","decl":{"start":{"line":117,"column":35},"end":{"line":117,"column":null}},"loc":{"start":{"line":117,"column":35},"end":{"line":130,"column":null}},"line":117},"10":{"name":"(anonymous_10)","decl":{"start":{"line":174,"column":52},"end":{"line":174,"column":53}},"loc":{"start":{"line":174,"column":63},"end":{"line":174,"column":null}},"line":174}},"branchMap":{"0":{"loc":{"start":{"line":32,"column":4},"end":{"line":32,"column":null}},"type":"if","locations":[{"start":{"line":32,"column":4},"end":{"line":32,"column":null}},{"start":{},"end":{}}],"line":32},"1":{"loc":{"start":{"line":32,"column":8},"end":{"line":32,"column":49}},"type":"binary-expr","locations":[{"start":{"line":32,"column":8},"end":{"line":32,"column":24}},{"start":{"line":32,"column":28},"end":{"line":32,"column":49}}],"line":32},"2":{"loc":{"start":{"line":33,"column":4},"end":{"line":36,"column":null}},"type":"if","locations":[{"start":{"line":33,"column":4},"end":{"line":36,"column":null}},{"start":{},"end":{}}],"line":33},"3":{"loc":{"start":{"line":59,"column":4},"end":{"line":59,"column":null}},"type":"if","locations":[{"start":{"line":59,"column":4},"end":{"line":59,"column":null}},{"start":{},"end":{}}],"line":59},"4":{"loc":{"start":{"line":60,"column":4},"end":{"line":60,"column":null}},"type":"if","locations":[{"start":{"line":60,"column":4},"end":{"line":60,"column":null}},{"start":{},"end":{}}],"line":60},"5":{"loc":{"start":{"line":61,"column":4},"end":{"line":61,"column":null}},"type":"if","locations":[{"start":{"line":61,"column":4},"end":{"line":61,"column":null}},{"start":{},"end":{}}],"line":61},"6":{"loc":{"start":{"line":61,"column":8},"end":{"line":61,"column":49}},"type":"binary-expr","locations":[{"start":{"line":61,"column":8},"end":{"line":61,"column":24}},{"start":{"line":61,"column":28},"end":{"line":61,"column":49}}],"line":61},"7":{"loc":{"start":{"line":62,"column":4},"end":{"line":62,"column":null}},"type":"if","locations":[{"start":{"line":62,"column":4},"end":{"line":62,"column":null}},{"start":{},"end":{}}],"line":62},"8":{"loc":{"start":{"line":77,"column":4},"end":{"line":79,"column":null}},"type":"if","locations":[{"start":{"line":77,"column":4},"end":{"line":79,"column":null}},{"start":{},"end":{}}],"line":77},"9":{"loc":{"start":{"line":77,"column":8},"end":{"line":77,"column":45}},"type":"binary-expr","locations":[{"start":{"line":77,"column":8},"end":{"line":77,"column":18}},{"start":{"line":77,"column":22},"end":{"line":77,"column":45}}],"line":77},"10":{"loc":{"start":{"line":80,"column":11},"end":{"line":80,"column":null}},"type":"binary-expr","locations":[{"start":{"line":80,"column":11},"end":{"line":80,"column":34}},{"start":{"line":80,"column":38},"end":{"line":80,"column":48}},{"start":{"line":80,"column":52},"end":{"line":80,"column":null}}],"line":80},"11":{"loc":{"start":{"line":86,"column":4},"end":{"line":89,"column":null}},"type":"if","locations":[{"start":{"line":86,"column":4},"end":{"line":89,"column":null}},{"start":{},"end":{}}],"line":86},"12":{"loc":{"start":{"line":97,"column":4},"end":{"line":97,"column":null}},"type":"if","locations":[{"start":{"line":97,"column":4},"end":{"line":97,"column":null}},{"start":{},"end":{}}],"line":97},"13":{"loc":{"start":{"line":102,"column":15},"end":{"line":102,"column":null}},"type":"binary-expr","locations":[{"start":{"line":102,"column":15},"end":{"line":102,"column":29}},{"start":{"line":102,"column":33},"end":{"line":102,"column":null}}],"line":102},"14":{"loc":{"start":{"line":108,"column":4},"end":{"line":108,"column":null}},"type":"if","locations":[{"start":{"line":108,"column":4},"end":{"line":108,"column":null}},{"start":{},"end":{}}],"line":108},"15":{"loc":{"start":{"line":113,"column":15},"end":{"line":113,"column":null}},"type":"binary-expr","locations":[{"start":{"line":113,"column":15},"end":{"line":113,"column":29}},{"start":{"line":113,"column":33},"end":{"line":113,"column":null}}],"line":113},"16":{"loc":{"start":{"line":118,"column":4},"end":{"line":127,"column":null}},"type":"if","locations":[{"start":{"line":118,"column":4},"end":{"line":127,"column":null}},{"start":{},"end":{}}],"line":118},"17":{"loc":{"start":{"line":119,"column":6},"end":{"line":122,"column":null}},"type":"if","locations":[{"start":{"line":119,"column":6},"end":{"line":122,"column":null}},{"start":{},"end":{}}],"line":119},"18":{"loc":{"start":{"line":132,"column":34},"end":{"line":132,"column":null}},"type":"binary-expr","locations":[{"start":{"line":132,"column":34},"end":{"line":132,"column":50}},{"start":{"line":132,"column":55},"end":{"line":132,"column":78}},{"start":{"line":132,"column":78},"end":{"line":132,"column":99}},{"start":{"line":132,"column":104},"end":{"line":132,"column":null}}],"line":132},"19":{"loc":{"start":{"line":189,"column":13},"end":{"line":193,"column":null}},"type":"cond-expr","locations":[{"start":{"line":190,"column":16},"end":{"line":190,"column":null}},{"start":{"line":191,"column":16},"end":{"line":193,"column":null}}],"line":189},"20":{"loc":{"start":{"line":191,"column":16},"end":{"line":193,"column":null}},"type":"cond-expr","locations":[{"start":{"line":192,"column":18},"end":{"line":192,"column":null}},{"start":{"line":193,"column":18},"end":{"line":193,"column":null}}],"line":191}},"s":{"0":1,"1":48,"2":48,"3":48,"4":48,"5":48,"6":48,"7":48,"8":48,"9":2,"10":0,"11":2,"12":0,"13":0,"14":2,"15":2,"16":2,"17":2,"18":2,"19":2,"20":0,"21":2,"22":48,"23":32,"24":30,"25":2,"26":0,"27":2,"28":0,"29":2,"30":2,"31":0,"32":48,"33":1,"34":1,"35":1,"36":1,"37":1,"38":1,"39":48,"40":8,"41":8,"42":0,"43":48,"44":14,"45":14,"46":14,"47":1,"48":1,"49":48,"50":0,"51":48,"52":6,"53":0,"54":6,"55":6,"56":6,"57":48,"58":2,"59":0,"60":2,"61":2,"62":48,"63":7,"64":5,"65":0,"66":0,"67":5,"68":5,"69":5,"70":2,"71":48,"72":0},"f":{"0":48,"1":2,"2":32,"3":1,"4":8,"5":14,"6":0,"7":6,"8":2,"9":7,"10":0},"b":{"0":[0,2],"1":[2,2],"2":[0,2],"3":[30,2],"4":[0,2],"5":[0,2],"6":[2,2],"7":[2,0],"8":[8,0],"9":[8,8],"10":[0,0,0],"11":[1,13],"12":[0,6],"13":[6,0],"14":[0,2],"15":[2,0],"16":[5,2],"17":[0,5],"18":[48,17,11,12],"19":[2,46],"20":[9,37]},"meta":{"lastBranch":21,"lastFunction":11,"lastStatement":73,"seen":{"s:22:31:224:Infinity":0,"f:22:31:22:32":0,"s:23:27:23:Infinity":1,"s:24:37:24:Infinity":2,"s:25:35:25:Infinity":3,"s:26:41:26:Infinity":4,"s:27:53:27:Infinity":5,"s:28:37:28:Infinity":6,"s:29:41:29:Infinity":7,"s:31:8:56:Infinity":8,"f:31:37:31:Infinity":1,"b:32:4:32:Infinity:undefined:undefined:undefined:undefined":0,"s:32:4:32:Infinity":9,"b:32:8:32:24:32:28:32:49":1,"s:32:51:32:Infinity":10,"b:33:4:36:Infinity:undefined:undefined:undefined:undefined":2,"s:33:4:36:Infinity":11,"s:34:6:34:Infinity":12,"s:35:6:35:Infinity":13,"s:38:4:38:Infinity":14,"s:40:20:40:Infinity":15,"s:42:4:55:Infinity":16,"s:43:21:47:Infinity":17,"s:49:6:49:Infinity":18,"s:50:6:50:Infinity":19,"s:52:6:52:Infinity":20,"s:54:6:54:Infinity":21,"s:58:2:65:Infinity":22,"f:58:12:58:Infinity":2,"b:59:4:59:Infinity:undefined:undefined:undefined:undefined":3,"s:59:4:59:Infinity":23,"s:59:32:59:Infinity":24,"b:60:4:60:Infinity:undefined:undefined:undefined:undefined":4,"s:60:4:60:Infinity":25,"s:60:30:60:Infinity":26,"b:61:4:61:Infinity:undefined:undefined:undefined:undefined":5,"s:61:4:61:Infinity":27,"b:61:8:61:24:61:28:61:49":6,"s:61:51:61:Infinity":28,"b:62:4:62:Infinity:undefined:undefined:undefined:undefined":7,"s:62:4:62:Infinity":29,"s:62:38:62:Infinity":30,"s:64:4:64:Infinity":31,"s:67:21:74:Infinity":32,"f:67:21:67:Infinity":3,"s:68:4:68:Infinity":33,"s:69:4:69:Infinity":34,"s:70:4:70:Infinity":35,"s:71:4:71:Infinity":36,"s:72:4:72:Infinity":37,"s:73:4:73:Infinity":38,"s:76:30:81:Infinity":39,"f:76:30:76:31":4,"b:77:4:79:Infinity:undefined:undefined:undefined:undefined":8,"s:77:4:79:Infinity":40,"b:77:8:77:18:77:22:77:45":9,"s:78:6:78:Infinity":41,"s:80:4:80:Infinity":42,"b:80:11:80:34:80:38:80:48:80:52:80:Infinity":10,"s:83:34:90:Infinity":43,"f:83:34:83:35":5,"s:84:4:84:Infinity":44,"s:85:4:85:Infinity":45,"b:86:4:89:Infinity:undefined:undefined:undefined:undefined":11,"s:86:4:89:Infinity":46,"s:87:6:87:Infinity":47,"s:88:6:88:Infinity":48,"s:92:39:94:Infinity":49,"f:92:39:92:40":6,"s:93:4:93:Infinity":50,"s:96:36:105:Infinity":51,"f:96:36:96:37":7,"b:97:4:97:Infinity:undefined:undefined:undefined:undefined":12,"s:97:4:97:Infinity":52,"s:97:35:97:Infinity":53,"s:98:21:98:44":54,"s:99:4:103:Infinity":55,"b:102:15:102:29:102:33:102:Infinity":13,"s:104:4:104:Infinity":56,"s:107:41:115:Infinity":57,"f:107:41:107:42":8,"b:108:4:108:Infinity:undefined:undefined:undefined:undefined":14,"s:108:4:108:Infinity":58,"s:108:35:108:Infinity":59,"s:109:21:109:44":60,"s:110:4:114:Infinity":61,"b:113:15:113:29:113:33:113:Infinity":15,"s:117:35:130:Infinity":62,"f:117:35:117:Infinity":9,"b:118:4:127:Infinity:undefined:undefined:undefined:undefined":16,"s:118:4:127:Infinity":63,"b:119:6:122:Infinity:undefined:undefined:undefined:undefined":17,"s:119:6:122:Infinity":64,"s:120:8:120:Infinity":65,"s:121:8:121:Infinity":66,"s:124:6:124:Infinity":67,"s:125:6:125:Infinity":68,"s:126:6:126:Infinity":69,"s:129:4:129:Infinity":70,"s:132:34:132:Infinity":71,"b:132:34:132:50:132:55:132:78:132:78:132:99:132:104:132:Infinity":18,"f:174:52:174:53":10,"s:174:63:174:Infinity":72,"b:190:16:190:Infinity:191:16:193:Infinity":19,"b:192:18:192:Infinity:193:18:193:Infinity":20}}}
,"integrationTests/src/components/maps/GeolocateButton.tsx": {"path":"integrationTests/src/components/maps/GeolocateButton.tsx","statementMap":{"0":{"start":{"line":7,"column":31},"end":{"line":69,"column":null}},"1":{"start":{"line":8,"column":35},"end":{"line":8,"column":null}},"2":{"start":{"line":9,"column":30},"end":{"line":9,"column":null}},"3":{"start":{"line":11,"column":26},"end":{"line":51,"column":null}},"4":{"start":{"line":12,"column":4},"end":{"line":19,"column":null}},"5":{"start":{"line":13,"column":6},"end":{"line":17,"column":null}},"6":{"start":{"line":18,"column":6},"end":{"line":18,"column":null}},"7":{"start":{"line":21,"column":4},"end":{"line":21,"column":null}},"8":{"start":{"line":23,"column":4},"end":{"line":49,"column":null}},"9":{"start":{"line":25,"column":40},"end":{"line":25,"column":55}},"10":{"start":{"line":26,"column":8},"end":{"line":26,"column":null}},"11":{"start":{"line":27,"column":8},"end":{"line":27,"column":null}},"12":{"start":{"line":29,"column":8},"end":{"line":32,"column":null}},"13":{"start":{"line":34,"column":8},"end":{"line":34,"column":null}},"14":{"start":{"line":37,"column":8},"end":{"line":37,"column":null}},"15":{"start":{"line":38,"column":8},"end":{"line":42,"column":null}},"16":{"start":{"line":43,"column":8},"end":{"line":43,"column":null}}},"fnMap":{"0":{"name":"(anonymous_0)","decl":{"start":{"line":7,"column":31},"end":{"line":7,"column":null}},"loc":{"start":{"line":7,"column":31},"end":{"line":69,"column":null}},"line":7},"1":{"name":"(anonymous_1)","decl":{"start":{"line":11,"column":26},"end":{"line":11,"column":null}},"loc":{"start":{"line":11,"column":26},"end":{"line":51,"column":null}},"line":11},"2":{"name":"(anonymous_2)","decl":{"start":{"line":24,"column":6},"end":{"line":24,"column":7}},"loc":{"start":{"line":24,"column":7},"end":{"line":35,"column":null}},"line":24},"3":{"name":"(anonymous_3)","decl":{"start":{"line":36,"column":6},"end":{"line":36,"column":7}},"loc":{"start":{"line":36,"column":7},"end":{"line":44,"column":null}},"line":36}},"branchMap":{"0":{"loc":{"start":{"line":12,"column":4},"end":{"line":19,"column":null}},"type":"if","locations":[{"start":{"line":12,"column":4},"end":{"line":19,"column":null}},{"start":{},"end":{}}],"line":12}},"s":{"0":1,"1":30,"2":30,"3":30,"4":13,"5":2,"6":2,"7":11,"8":11,"9":4,"10":4,"11":4,"12":4,"13":4,"14":6,"15":6,"16":6},"f":{"0":30,"1":13,"2":4,"3":6},"b":{"0":[2,11]},"meta":{"lastBranch":1,"lastFunction":4,"lastStatement":17,"seen":{"s:7:31:69:Infinity":0,"f:7:31:7:Infinity":0,"s:8:35:8:Infinity":1,"s:9:30:9:Infinity":2,"s:11:26:51:Infinity":3,"f:11:26:11:Infinity":1,"b:12:4:19:Infinity:undefined:undefined:undefined:undefined":0,"s:12:4:19:Infinity":4,"s:13:6:17:Infinity":5,"s:18:6:18:Infinity":6,"s:21:4:21:Infinity":7,"s:23:4:49:Infinity":8,"f:24:6:24:7":2,"s:25:40:25:55":9,"s:26:8:26:Infinity":10,"s:27:8:27:Infinity":11,"s:29:8:32:Infinity":12,"s:34:8:34:Infinity":13,"f:36:6:36:7":3,"s:37:8:37:Infinity":14,"s:38:8:42:Infinity":15,"s:43:8:43:Infinity":16}}}
,"integrationTests/src/components/maps/SearchAutocomplete.tsx": {"path":"integrationTests/src/components/maps/SearchAutocomplete.tsx","statementMap":{"0":{"start":{"line":21,"column":34},"end":{"line":170,"column":null}},"1":{"start":{"line":33,"column":39},"end":{"line":33,"column":null}},"2":{"start":{"line":34,"column":39},"end":{"line":34,"column":null}},"3":{"start":{"line":35,"column":8},"end":{"line":35,"column":null}},"4":{"start":{"line":36,"column":41},"end":{"line":36,"column":null}},"5":{"start":{"line":37,"column":23},"end":{"line":37,"column":null}},"6":{"start":{"line":38,"column":21},"end":{"line":38,"column":null}},"7":{"start":{"line":41,"column":8},"end":{"line":41,"column":null}},"8":{"start":{"line":42,"column":20},"end":{"line":46,"column":null}},"9":{"start":{"line":48,"column":8},"end":{"line":48,"column":null}},"10":{"start":{"line":48,"column":31},"end":{"line":48,"column":62}},"11":{"start":{"line":50,"column":17},"end":{"line":52,"column":null}},"12":{"start":{"line":51,"column":4},"end":{"line":51,"column":null}},"13":{"start":{"line":54,"column":21},"end":{"line":60,"column":null}},"14":{"start":{"line":55,"column":4},"end":{"line":57,"column":null}},"15":{"start":{"line":56,"column":6},"end":{"line":56,"column":null}},"16":{"start":{"line":58,"column":4},"end":{"line":58,"column":null}},"17":{"start":{"line":59,"column":4},"end":{"line":59,"column":null}},"18":{"start":{"line":62,"column":39},"end":{"line":72,"column":null}},"19":{"start":{"line":63,"column":16},"end":{"line":63,"column":null}},"20":{"start":{"line":64,"column":16},"end":{"line":64,"column":null}},"21":{"start":{"line":66,"column":4},"end":{"line":70,"column":null}},"22":{"start":{"line":74,"column":25},"end":{"line":107,"column":null}},"23":{"start":{"line":75,"column":4},"end":{"line":77,"column":null}},"24":{"start":{"line":76,"column":6},"end":{"line":76,"column":null}},"25":{"start":{"line":79,"column":18},"end":{"line":79,"column":null}},"26":{"start":{"line":81,"column":4},"end":{"line":85,"column":null}},"27":{"start":{"line":82,"column":6},"end":{"line":82,"column":null}},"28":{"start":{"line":83,"column":6},"end":{"line":83,"column":null}},"29":{"start":{"line":84,"column":6},"end":{"line":84,"column":null}},"30":{"start":{"line":87,"column":21},"end":{"line":87,"column":44}},"31":{"start":{"line":88,"column":26},"end":{"line":88,"column":null}},"32":{"start":{"line":89,"column":25},"end":{"line":89,"column":null}},"33":{"start":{"line":91,"column":4},"end":{"line":95,"column":null}},"34":{"start":{"line":92,"column":6},"end":{"line":92,"column":null}},"35":{"start":{"line":93,"column":6},"end":{"line":93,"column":null}},"36":{"start":{"line":94,"column":6},"end":{"line":94,"column":null}},"37":{"start":{"line":97,"column":4},"end":{"line":97,"column":null}},"38":{"start":{"line":98,"column":24},"end":{"line":100,"column":null}},"39":{"start":{"line":102,"column":4},"end":{"line":104,"column":null}},"40":{"start":{"line":103,"column":6},"end":{"line":103,"column":null}},"41":{"start":{"line":105,"column":4},"end":{"line":105,"column":null}},"42":{"start":{"line":106,"column":4},"end":{"line":106,"column":null}},"43":{"start":{"line":109,"column":28},"end":{"line":117,"column":null}},"44":{"start":{"line":110,"column":4},"end":{"line":112,"column":null}},"45":{"start":{"line":111,"column":6},"end":{"line":111,"column":null}},"46":{"start":{"line":113,"column":4},"end":{"line":115,"column":null}},"47":{"start":{"line":114,"column":6},"end":{"line":114,"column":null}},"48":{"start":{"line":116,"column":4},"end":{"line":116,"column":null}},"49":{"start":{"line":119,"column":26},"end":{"line":127,"column":null}}},"fnMap":{"0":{"name":"(anonymous_0)","decl":{"start":{"line":21,"column":34},"end":{"line":21,"column":35}},"loc":{"start":{"line":32,"column":26},"end":{"line":170,"column":null}},"line":32},"1":{"name":"(anonymous_1)","decl":{"start":{"line":48,"column":31},"end":{"line":48,"column":37}},"loc":{"start":{"line":48,"column":31},"end":{"line":48,"column":62}},"line":48},"2":{"name":"(anonymous_2)","decl":{"start":{"line":50,"column":17},"end":{"line":50,"column":18}},"loc":{"start":{"line":50,"column":18},"end":{"line":52,"column":null}},"line":50},"3":{"name":"(anonymous_3)","decl":{"start":{"line":54,"column":21},"end":{"line":54,"column":null}},"loc":{"start":{"line":54,"column":21},"end":{"line":60,"column":null}},"line":54},"4":{"name":"(anonymous_4)","decl":{"start":{"line":62,"column":39},"end":{"line":62,"column":40}},"loc":{"start":{"line":62,"column":40},"end":{"line":72,"column":null}},"line":62},"5":{"name":"(anonymous_5)","decl":{"start":{"line":74,"column":25},"end":{"line":74,"column":null}},"loc":{"start":{"line":74,"column":25},"end":{"line":107,"column":null}},"line":74},"6":{"name":"(anonymous_6)","decl":{"start":{"line":109,"column":28},"end":{"line":109,"column":29}},"loc":{"start":{"line":109,"column":29},"end":{"line":117,"column":null}},"line":109}},"branchMap":{"0":{"loc":{"start":{"line":23,"column":2},"end":{"line":23,"column":44}},"type":"default-arg","locations":[{"start":{"line":23,"column":16},"end":{"line":23,"column":44}}],"line":23},"1":{"loc":{"start":{"line":26,"column":2},"end":{"line":26,"column":19}},"type":"default-arg","locations":[{"start":{"line":26,"column":17},"end":{"line":26,"column":19}}],"line":26},"2":{"loc":{"start":{"line":38,"column":21},"end":{"line":38,"column":null}},"type":"cond-expr","locations":[{"start":{"line":38,"column":36},"end":{"line":38,"column":44}},{"start":{"line":38,"column":44},"end":{"line":38,"column":null}}],"line":38},"3":{"loc":{"start":{"line":45,"column":12},"end":{"line":45,"column":null}},"type":"cond-expr","locations":[{"start":{"line":45,"column":31},"end":{"line":45,"column":52}},{"start":{"line":45,"column":52},"end":{"line":45,"column":null}}],"line":45},"4":{"loc":{"start":{"line":55,"column":4},"end":{"line":57,"column":null}},"type":"if","locations":[{"start":{"line":55,"column":4},"end":{"line":57,"column":null}},{"start":{},"end":{}}],"line":55},"5":{"loc":{"start":{"line":67,"column":6},"end":{"line":70,"column":30}},"type":"binary-expr","locations":[{"start":{"line":67,"column":6},"end":{"line":67,"column":31}},{"start":{"line":68,"column":6},"end":{"line":68,"column":31}},{"start":{"line":69,"column":6},"end":{"line":69,"column":30}},{"start":{"line":70,"column":6},"end":{"line":70,"column":30}}],"line":67},"6":{"loc":{"start":{"line":75,"column":4},"end":{"line":77,"column":null}},"type":"if","locations":[{"start":{"line":75,"column":4},"end":{"line":77,"column":null}},{"start":{},"end":{}}],"line":75},"7":{"loc":{"start":{"line":81,"column":4},"end":{"line":85,"column":null}},"type":"if","locations":[{"start":{"line":81,"column":4},"end":{"line":85,"column":null}},{"start":{},"end":{}}],"line":81},"8":{"loc":{"start":{"line":88,"column":34},"end":{"line":88,"column":null}},"type":"binary-expr","locations":[{"start":{"line":88,"column":34},"end":{"line":88,"column":48}},{"start":{"line":88,"column":52},"end":{"line":88,"column":null}}],"line":88},"9":{"loc":{"start":{"line":91,"column":4},"end":{"line":95,"column":null}},"type":"if","locations":[{"start":{"line":91,"column":4},"end":{"line":95,"column":null}},{"start":{},"end":{}}],"line":91},"10":{"loc":{"start":{"line":91,"column":8},"end":{"line":91,"column":41}},"type":"binary-expr","locations":[{"start":{"line":91,"column":8},"end":{"line":91,"column":26}},{"start":{"line":91,"column":26},"end":{"line":91,"column":41}}],"line":91},"11":{"loc":{"start":{"line":98,"column":24},"end":{"line":100,"column":null}},"type":"cond-expr","locations":[{"start":{"line":99,"column":8},"end":{"line":99,"column":51}},{"start":{"line":100,"column":8},"end":{"line":100,"column":null}}],"line":98},"12":{"loc":{"start":{"line":98,"column":24},"end":{"line":98,"column":61}},"type":"binary-expr","locations":[{"start":{"line":98,"column":24},"end":{"line":98,"column":34}},{"start":{"line":98,"column":38},"end":{"line":98,"column":61}}],"line":98},"13":{"loc":{"start":{"line":100,"column":8},"end":{"line":100,"column":null}},"type":"binary-expr","locations":[{"start":{"line":100,"column":8},"end":{"line":100,"column":31}},{"start":{"line":100,"column":35},"end":{"line":100,"column":45}},{"start":{"line":100,"column":49},"end":{"line":100,"column":null}}],"line":100},"14":{"loc":{"start":{"line":102,"column":4},"end":{"line":104,"column":null}},"type":"if","locations":[{"start":{"line":102,"column":4},"end":{"line":104,"column":null}},{"start":{},"end":{}}],"line":102},"15":{"loc":{"start":{"line":110,"column":4},"end":{"line":112,"column":null}},"type":"if","locations":[{"start":{"line":110,"column":4},"end":{"line":112,"column":null}},{"start":{},"end":{}}],"line":110},"16":{"loc":{"start":{"line":113,"column":4},"end":{"line":115,"column":null}},"type":"if","locations":[{"start":{"line":113,"column":4},"end":{"line":115,"column":null}},{"start":{},"end":{}}],"line":113},"17":{"loc":{"start":{"line":119,"column":26},"end":{"line":127,"column":null}},"type":"cond-expr","locations":[{"start":{"line":119,"column":26},"end":{"line":125,"column":7}},{"start":{"line":125,"column":6},"end":{"line":127,"column":null}}],"line":119},"18":{"loc":{"start":{"line":125,"column":6},"end":{"line":127,"column":null}},"type":"cond-expr","locations":[{"start":{"line":125,"column":7},"end":{"line":127,"column":null}},{"start":{"line":127,"column":10},"end":{"line":127,"column":null}}],"line":125},"19":{"loc":{"start":{"line":130,"column":32},"end":{"line":130,"column":49}},"type":"binary-expr","locations":[{"start":{"line":130,"column":32},"end":{"line":130,"column":45}},{"start":{"line":130,"column":45},"end":{"line":130,"column":49}}],"line":130},"20":{"loc":{"start":{"line":147,"column":62},"end":{"line":147,"column":84}},"type":"binary-expr","locations":[{"start":{"line":147,"column":62},"end":{"line":147,"column":80}},{"start":{"line":147,"column":80},"end":{"line":147,"column":84}}],"line":147},"21":{"loc":{"start":{"line":149,"column":26},"end":{"line":149,"column":null}},"type":"cond-expr","locations":[{"start":{"line":149,"column":41},"end":{"line":149,"column":50}},{"start":{"line":149,"column":50},"end":{"line":149,"column":null}}],"line":149},"22":{"loc":{"start":{"line":150,"column":30},"end":{"line":150,"column":null}},"type":"cond-expr","locations":[{"start":{"line":150,"column":45},"end":{"line":150,"column":62}},{"start":{"line":150,"column":62},"end":{"line":150,"column":null}}],"line":150},"23":{"loc":{"start":{"line":158,"column":60},"end":{"line":158,"column":82}},"type":"binary-expr","locations":[{"start":{"line":158,"column":60},"end":{"line":158,"column":78}},{"start":{"line":158,"column":78},"end":{"line":158,"column":82}}],"line":158}},"s":{"0":1,"1":41,"2":41,"3":41,"4":41,"5":41,"6":41,"7":41,"8":41,"9":41,"10":17,"11":41,"12":17,"13":41,"14":0,"15":0,"16":0,"17":0,"18":41,"19":2,"20":2,"21":2,"22":41,"23":2,"24":0,"25":2,"26":2,"27":0,"28":0,"29":0,"30":2,"31":2,"32":2,"33":2,"34":0,"35":0,"36":0,"37":2,"38":2,"39":2,"40":2,"41":2,"42":2,"43":41,"44":6,"45":0,"46":6,"47":5,"48":6,"49":41},"f":{"0":41,"1":17,"2":17,"3":0,"4":2,"5":2,"6":6},"b":{"0":[41],"1":[41],"2":[3,37],"3":[40,0],"4":[0,0],"5":[2,2,2,2],"6":[0,2],"7":[0,2],"8":[2,2],"9":[0,2],"10":[2,2],"11":[2,0],"12":[2,2],"13":[0,0,0],"14":[2,0],"15":[0,6],"16":[5,1],"17":[2,38],"18":[36,2],"19":[41,38],"20":[40,38],"21":[0,40],"22":[0,40],"23":[0,0]},"meta":{"lastBranch":24,"lastFunction":7,"lastStatement":50,"seen":{"s:21:34:170:Infinity":0,"f:21:34:21:35":0,"b:23:16:23:44":0,"b:26:17:26:19":1,"s:33:39:33:Infinity":1,"s:34:39:34:Infinity":2,"s:35:8:35:Infinity":3,"s:36:41:36:Infinity":4,"s:37:23:37:Infinity":5,"s:38:21:38:Infinity":6,"b:38:36:38:44:38:44:38:Infinity":2,"s:41:8:41:Infinity":7,"s:42:20:46:Infinity":8,"b:45:31:45:52:45:52:45:Infinity":3,"s:48:8:48:Infinity":9,"f:48:31:48:37":1,"s:48:31:48:62":10,"s:50:17:52:Infinity":11,"f:50:17:50:18":2,"s:51:4:51:Infinity":12,"s:54:21:60:Infinity":13,"f:54:21:54:Infinity":3,"b:55:4:57:Infinity:undefined:undefined:undefined:undefined":4,"s:55:4:57:Infinity":14,"s:56:6:56:Infinity":15,"s:58:4:58:Infinity":16,"s:59:4:59:Infinity":17,"s:62:39:72:Infinity":18,"f:62:39:62:40":4,"s:63:16:63:Infinity":19,"s:64:16:64:Infinity":20,"s:66:4:70:Infinity":21,"b:67:6:67:31:68:6:68:31:69:6:69:30:70:6:70:30":5,"s:74:25:107:Infinity":22,"f:74:25:74:Infinity":5,"b:75:4:77:Infinity:undefined:undefined:undefined:undefined":6,"s:75:4:77:Infinity":23,"s:76:6:76:Infinity":24,"s:79:18:79:Infinity":25,"b:81:4:85:Infinity:undefined:undefined:undefined:undefined":7,"s:81:4:85:Infinity":26,"s:82:6:82:Infinity":27,"s:83:6:83:Infinity":28,"s:84:6:84:Infinity":29,"s:87:21:87:44":30,"s:88:26:88:Infinity":31,"b:88:34:88:48:88:52:88:Infinity":8,"s:89:25:89:Infinity":32,"b:91:4:95:Infinity:undefined:undefined:undefined:undefined":9,"s:91:4:95:Infinity":33,"b:91:8:91:26:91:26:91:41":10,"s:92:6:92:Infinity":34,"s:93:6:93:Infinity":35,"s:94:6:94:Infinity":36,"s:97:4:97:Infinity":37,"s:98:24:100:Infinity":38,"b:99:8:99:51:100:8:100:Infinity":11,"b:98:24:98:34:98:38:98:61":12,"b:100:8:100:31:100:35:100:45:100:49:100:Infinity":13,"b:102:4:104:Infinity:undefined:undefined:undefined:undefined":14,"s:102:4:104:Infinity":39,"s:103:6:103:Infinity":40,"s:105:4:105:Infinity":41,"s:106:4:106:Infinity":42,"s:109:28:117:Infinity":43,"f:109:28:109:29":6,"b:110:4:112:Infinity:undefined:undefined:undefined:undefined":15,"s:110:4:112:Infinity":44,"s:111:6:111:Infinity":45,"b:113:4:115:Infinity:undefined:undefined:undefined:undefined":16,"s:113:4:115:Infinity":46,"s:114:6:114:Infinity":47,"s:116:4:116:Infinity":48,"s:119:26:127:Infinity":49,"b:119:26:125:7:125:6:127:Infinity":17,"b:125:7:127:Infinity:127:10:127:Infinity":18,"b:130:32:130:45:130:45:130:49":19,"b:147:62:147:80:147:80:147:84":20,"b:149:41:149:50:149:50:149:Infinity":21,"b:150:45:150:62:150:62:150:Infinity":22,"b:158:60:158:78:158:78:158:82":23}}}
,"integrationTests/src/components/panels/EventsPanel.tsx": {"path":"integrationTests/src/components/panels/EventsPanel.tsx","statementMap":{"0":{"start":{"line":15,"column":27},"end":{"line":398,"column":null}},"1":{"start":{"line":16,"column":35},"end":{"line":16,"column":null}},"2":{"start":{"line":17,"column":39},"end":{"line":17,"column":null}},"3":{"start":{"line":18,"column":47},"end":{"line":18,"column":null}},"4":{"start":{"line":19,"column":37},"end":{"line":19,"column":null}},"5":{"start":{"line":20,"column":43},"end":{"line":20,"column":null}},"6":{"start":{"line":21,"column":33},"end":{"line":21,"column":null}},"7":{"start":{"line":22,"column":72},"end":{"line":22,"column":null}},"8":{"start":{"line":24,"column":8},"end":{"line":40,"column":null}},"9":{"start":{"line":25,"column":17},"end":{"line":25,"column":null}},"10":{"start":{"line":27,"column":4},"end":{"line":37,"column":null}},"11":{"start":{"line":28,"column":23},"end":{"line":28,"column":null}},"12":{"start":{"line":29,"column":6},"end":{"line":31,"column":null}},"13":{"start":{"line":30,"column":8},"end":{"line":30,"column":null}},"14":{"start":{"line":33,"column":18},"end":{"line":33,"column":null}},"15":{"start":{"line":34,"column":6},"end":{"line":36,"column":null}},"16":{"start":{"line":35,"column":8},"end":{"line":35,"column":null}},"17":{"start":{"line":39,"column":4},"end":{"line":39,"column":null}},"18":{"start":{"line":39,"column":52},"end":{"line":39,"column":null}},"19":{"start":{"line":42,"column":8},"end":{"line":60,"column":null}},"20":{"start":{"line":43,"column":17},"end":{"line":43,"column":null}},"21":{"start":{"line":45,"column":4},"end":{"line":57,"column":null}},"22":{"start":{"line":46,"column":6},"end":{"line":56,"column":null}},"23":{"start":{"line":47,"column":27},"end":{"line":47,"column":null}},"24":{"start":{"line":48,"column":8},"end":{"line":50,"column":null}},"25":{"start":{"line":49,"column":10},"end":{"line":49,"column":null}},"26":{"start":{"line":52,"column":20},"end":{"line":52,"column":null}},"27":{"start":{"line":53,"column":8},"end":{"line":55,"column":null}},"28":{"start":{"line":54,"column":10},"end":{"line":54,"column":null}},"29":{"start":{"line":59,"column":4},"end":{"line":59,"column":null}},"30":{"start":{"line":59,"column":52},"end":{"line":59,"column":null}},"31":{"start":{"line":62,"column":37},"end":{"line":62,"column":null}},"32":{"start":{"line":63,"column":32},"end":{"line":63,"column":null}},"33":{"start":{"line":65,"column":2},"end":{"line":73,"column":null}},"34":{"start":{"line":66,"column":4},"end":{"line":68,"column":null}},"35":{"start":{"line":67,"column":6},"end":{"line":67,"column":null}},"36":{"start":{"line":70,"column":4},"end":{"line":72,"column":null}},"37":{"start":{"line":71,"column":6},"end":{"line":71,"column":null}},"38":{"start":{"line":75,"column":8},"end":{"line":98,"column":null}},"39":{"start":{"line":76,"column":29},"end":{"line":76,"column":null}},"40":{"start":{"line":78,"column":4},"end":{"line":97,"column":null}},"41":{"start":{"line":81,"column":10},"end":{"line":85,"column":null}},"42":{"start":{"line":85,"column":36},"end":{"line":85,"column":null}},"43":{"start":{"line":87,"column":28},"end":{"line":87,"column":null}},"44":{"start":{"line":90,"column":10},"end":{"line":90,"column":null}},"45":{"start":{"line":93,"column":10},"end":{"line":93,"column":null}},"46":{"start":{"line":93,"column":62},"end":{"line":93,"column":111}},"47":{"start":{"line":95,"column":8},"end":{"line":95,"column":null}},"48":{"start":{"line":97,"column":22},"end":{"line":97,"column":null}},"49":{"start":{"line":100,"column":29},"end":{"line":105,"column":null}},"50":{"start":{"line":101,"column":4},"end":{"line":101,"column":null}},"51":{"start":{"line":102,"column":4},"end":{"line":102,"column":null}},"52":{"start":{"line":103,"column":4},"end":{"line":103,"column":null}},"53":{"start":{"line":104,"column":4},"end":{"line":104,"column":null}},"54":{"start":{"line":107,"column":24},"end":{"line":180,"column":null}},"55":{"start":{"line":108,"column":4},"end":{"line":114,"column":null}},"56":{"start":{"line":116,"column":4},"end":{"line":132,"column":null}},"57":{"start":{"line":123,"column":27},"end":{"line":123,"column":null}},"58":{"start":{"line":134,"column":4},"end":{"line":140,"column":null}},"59":{"start":{"line":196,"column":35},"end":{"line":196,"column":null}},"60":{"start":{"line":213,"column":37},"end":{"line":213,"column":null}},"61":{"start":{"line":252,"column":28},"end":{"line":252,"column":null}},"62":{"start":{"line":253,"column":28},"end":{"line":253,"column":null}},"63":{"start":{"line":271,"column":30},"end":{"line":271,"column":null}},"64":{"start":{"line":272,"column":30},"end":{"line":272,"column":null}},"65":{"start":{"line":333,"column":28},"end":{"line":333,"column":null}},"66":{"start":{"line":334,"column":28},"end":{"line":334,"column":null}},"67":{"start":{"line":352,"column":30},"end":{"line":352,"column":null}},"68":{"start":{"line":353,"column":30},"end":{"line":353,"column":null}}},"fnMap":{"0":{"name":"(anonymous_0)","decl":{"start":{"line":15,"column":27},"end":{"line":15,"column":null}},"loc":{"start":{"line":15,"column":27},"end":{"line":398,"column":null}},"line":15},"1":{"name":"(anonymous_1)","decl":{"start":{"line":24,"column":34},"end":{"line":24,"column":null}},"loc":{"start":{"line":24,"column":34},"end":{"line":40,"column":5}},"line":24},"2":{"name":"(anonymous_2)","decl":{"start":{"line":27,"column":19},"end":{"line":27,"column":20}},"loc":{"start":{"line":27,"column":20},"end":{"line":37,"column":null}},"line":27},"3":{"name":"(anonymous_3)","decl":{"start":{"line":39,"column":42},"end":{"line":39,"column":43}},"loc":{"start":{"line":39,"column":52},"end":{"line":39,"column":null}},"line":39},"4":{"name":"(anonymous_4)","decl":{"start":{"line":42,"column":29},"end":{"line":42,"column":null}},"loc":{"start":{"line":42,"column":29},"end":{"line":60,"column":5}},"line":42},"5":{"name":"(anonymous_5)","decl":{"start":{"line":45,"column":19},"end":{"line":45,"column":20}},"loc":{"start":{"line":45,"column":20},"end":{"line":57,"column":null}},"line":45},"6":{"name":"(anonymous_6)","decl":{"start":{"line":46,"column":26},"end":{"line":46,"column":27}},"loc":{"start":{"line":46,"column":27},"end":{"line":56,"column":null}},"line":46},"7":{"name":"(anonymous_7)","decl":{"start":{"line":59,"column":42},"end":{"line":59,"column":43}},"loc":{"start":{"line":59,"column":52},"end":{"line":59,"column":null}},"line":59},"8":{"name":"(anonymous_8)","decl":{"start":{"line":65,"column":12},"end":{"line":65,"column":null}},"loc":{"start":{"line":65,"column":12},"end":{"line":73,"column":5}},"line":65},"9":{"name":"(anonymous_9)","decl":{"start":{"line":75,"column":33},"end":{"line":75,"column":null}},"loc":{"start":{"line":75,"column":33},"end":{"line":98,"column":5}},"line":75},"10":{"name":"(anonymous_10)","decl":{"start":{"line":79,"column":14},"end":{"line":79,"column":15}},"loc":{"start":{"line":79,"column":15},"end":{"line":96,"column":null}},"line":79},"11":{"name":"(anonymous_11)","decl":{"start":{"line":85,"column":27},"end":{"line":85,"column":28}},"loc":{"start":{"line":85,"column":36},"end":{"line":85,"column":null}},"line":85},"12":{"name":"(anonymous_12)","decl":{"start":{"line":93,"column":53},"end":{"line":93,"column":54}},"loc":{"start":{"line":93,"column":62},"end":{"line":93,"column":111}},"line":93},"13":{"name":"(anonymous_13)","decl":{"start":{"line":97,"column":12},"end":{"line":97,"column":13}},"loc":{"start":{"line":97,"column":22},"end":{"line":97,"column":null}},"line":97},"14":{"name":"(anonymous_14)","decl":{"start":{"line":100,"column":29},"end":{"line":100,"column":null}},"loc":{"start":{"line":100,"column":29},"end":{"line":105,"column":null}},"line":100},"15":{"name":"(anonymous_15)","decl":{"start":{"line":107,"column":24},"end":{"line":107,"column":null}},"loc":{"start":{"line":107,"column":24},"end":{"line":180,"column":null}},"line":107},"16":{"name":"(anonymous_16)","decl":{"start":{"line":123,"column":21},"end":{"line":123,"column":27}},"loc":{"start":{"line":123,"column":27},"end":{"line":123,"column":null}},"line":123},"17":{"name":"(anonymous_17)","decl":{"start":{"line":196,"column":24},"end":{"line":196,"column":25}},"loc":{"start":{"line":196,"column":35},"end":{"line":196,"column":null}},"line":196},"18":{"name":"(anonymous_18)","decl":{"start":{"line":213,"column":26},"end":{"line":213,"column":27}},"loc":{"start":{"line":213,"column":37},"end":{"line":213,"column":null}},"line":213},"19":{"name":"(anonymous_19)","decl":{"start":{"line":251,"column":36},"end":{"line":251,"column":null}},"loc":{"start":{"line":251,"column":36},"end":{"line":254,"column":null}},"line":251},"20":{"name":"(anonymous_20)","decl":{"start":{"line":270,"column":38},"end":{"line":270,"column":null}},"loc":{"start":{"line":270,"column":38},"end":{"line":273,"column":null}},"line":270},"21":{"name":"(anonymous_21)","decl":{"start":{"line":332,"column":36},"end":{"line":332,"column":null}},"loc":{"start":{"line":332,"column":36},"end":{"line":335,"column":null}},"line":332},"22":{"name":"(anonymous_22)","decl":{"start":{"line":351,"column":38},"end":{"line":351,"column":null}},"loc":{"start":{"line":351,"column":38},"end":{"line":354,"column":null}},"line":351}},"branchMap":{"0":{"loc":{"start":{"line":22,"column":16},"end":{"line":22,"column":27}},"type":"default-arg","locations":[{"start":{"line":22,"column":25},"end":{"line":22,"column":27}}],"line":22},"1":{"loc":{"start":{"line":29,"column":6},"end":{"line":31,"column":null}},"type":"if","locations":[{"start":{"line":29,"column":6},"end":{"line":31,"column":null}},{"start":{},"end":{}}],"line":29},"2":{"loc":{"start":{"line":34,"column":6},"end":{"line":36,"column":null}},"type":"if","locations":[{"start":{"line":34,"column":6},"end":{"line":36,"column":null}},{"start":{},"end":{}}],"line":34},"3":{"loc":{"start":{"line":48,"column":8},"end":{"line":50,"column":null}},"type":"if","locations":[{"start":{"line":48,"column":8},"end":{"line":50,"column":null}},{"start":{},"end":{}}],"line":48},"4":{"loc":{"start":{"line":53,"column":8},"end":{"line":55,"column":null}},"type":"if","locations":[{"start":{"line":53,"column":8},"end":{"line":55,"column":null}},{"start":{},"end":{}}],"line":53},"5":{"loc":{"start":{"line":62,"column":37},"end":{"line":62,"column":null}},"type":"cond-expr","locations":[{"start":{"line":62,"column":66},"end":{"line":62,"column":73}},{"start":{"line":62,"column":73},"end":{"line":62,"column":null}}],"line":62},"6":{"loc":{"start":{"line":63,"column":32},"end":{"line":63,"column":null}},"type":"cond-expr","locations":[{"start":{"line":63,"column":56},"end":{"line":63,"column":63}},{"start":{"line":63,"column":63},"end":{"line":63,"column":null}}],"line":63},"7":{"loc":{"start":{"line":66,"column":4},"end":{"line":68,"column":null}},"type":"if","locations":[{"start":{"line":66,"column":4},"end":{"line":68,"column":null}},{"start":{},"end":{}}],"line":66},"8":{"loc":{"start":{"line":66,"column":8},"end":{"line":66,"column":133}},"type":"binary-expr","locations":[{"start":{"line":66,"column":8},"end":{"line":66,"column":34}},{"start":{"line":66,"column":34},"end":{"line":66,"column":60}},{"start":{"line":66,"column":60},"end":{"line":66,"column":129}}],"line":66},"9":{"loc":{"start":{"line":70,"column":4},"end":{"line":72,"column":null}},"type":"if","locations":[{"start":{"line":70,"column":4},"end":{"line":72,"column":null}},{"start":{},"end":{}}],"line":70},"10":{"loc":{"start":{"line":70,"column":8},"end":{"line":70,"column":46}},"type":"binary-expr","locations":[{"start":{"line":70,"column":8},"end":{"line":70,"column":35}},{"start":{"line":70,"column":35},"end":{"line":70,"column":46}}],"line":70},"11":{"loc":{"start":{"line":81,"column":10},"end":{"line":85,"column":null}},"type":"binary-expr","locations":[{"start":{"line":81,"column":10},"end":{"line":81,"column":null}},{"start":{"line":82,"column":10},"end":{"line":82,"column":null}},{"start":{"line":83,"column":10},"end":{"line":83,"column":null}},{"start":{"line":84,"column":10},"end":{"line":84,"column":null}},{"start":{"line":85,"column":10},"end":{"line":85,"column":null}}],"line":81},"12":{"loc":{"start":{"line":87,"column":28},"end":{"line":87,"column":null}},"type":"binary-expr","locations":[{"start":{"line":87,"column":28},"end":{"line":87,"column":51}},{"start":{"line":87,"column":45},"end":{"line":87,"column":null}}],"line":87},"13":{"loc":{"start":{"line":90,"column":10},"end":{"line":90,"column":null}},"type":"binary-expr","locations":[{"start":{"line":90,"column":10},"end":{"line":90,"column":41}},{"start":{"line":90,"column":41},"end":{"line":90,"column":null}}],"line":90},"14":{"loc":{"start":{"line":93,"column":10},"end":{"line":93,"column":null}},"type":"binary-expr","locations":[{"start":{"line":93,"column":10},"end":{"line":93,"column":36}},{"start":{"line":93,"column":36},"end":{"line":93,"column":null}}],"line":93},"15":{"loc":{"start":{"line":95,"column":15},"end":{"line":95,"column":null}},"type":"binary-expr","locations":[{"start":{"line":95,"column":15},"end":{"line":95,"column":32}},{"start":{"line":95,"column":32},"end":{"line":95,"column":47}},{"start":{"line":95,"column":47},"end":{"line":95,"column":66}},{"start":{"line":95,"column":66},"end":{"line":95,"column":null}}],"line":95},"16":{"loc":{"start":{"line":108,"column":4},"end":{"line":114,"column":null}},"type":"if","locations":[{"start":{"line":108,"column":4},"end":{"line":114,"column":null}},{"start":{},"end":{}}],"line":108},"17":{"loc":{"start":{"line":108,"column":8},"end":{"line":108,"column":35}},"type":"binary-expr","locations":[{"start":{"line":108,"column":8},"end":{"line":108,"column":21}},{"start":{"line":108,"column":21},"end":{"line":108,"column":35}}],"line":108},"18":{"loc":{"start":{"line":116,"column":4},"end":{"line":132,"column":null}},"type":"if","locations":[{"start":{"line":116,"column":4},"end":{"line":132,"column":null}},{"start":{},"end":{}}],"line":116},"19":{"loc":{"start":{"line":134,"column":4},"end":{"line":140,"column":null}},"type":"if","locations":[{"start":{"line":134,"column":4},"end":{"line":140,"column":null}},{"start":{},"end":{}}],"line":134},"20":{"loc":{"start":{"line":232,"column":21},"end":{"line":234,"column":null}},"type":"cond-expr","locations":[{"start":{"line":233,"column":24},"end":{"line":233,"column":null}},{"start":{"line":234,"column":24},"end":{"line":234,"column":null}}],"line":232},"21":{"loc":{"start":{"line":259,"column":30},"end":{"line":261,"column":null}},"type":"cond-expr","locations":[{"start":{"line":260,"column":34},"end":{"line":260,"column":null}},{"start":{"line":261,"column":34},"end":{"line":261,"column":null}}],"line":259},"22":{"loc":{"start":{"line":278,"column":32},"end":{"line":282,"column":null}},"type":"cond-expr","locations":[{"start":{"line":281,"column":36},"end":{"line":281,"column":null}},{"start":{"line":282,"column":36},"end":{"line":282,"column":null}}],"line":278},"23":{"loc":{"start":{"line":278,"column":32},"end":{"line":280,"column":null}},"type":"binary-expr","locations":[{"start":{"line":278,"column":32},"end":{"line":278,"column":null}},{"start":{"line":279,"column":34},"end":{"line":280,"column":null}}],"line":278},"24":{"loc":{"start":{"line":311,"column":21},"end":{"line":315,"column":null}},"type":"cond-expr","locations":[{"start":{"line":312,"column":24},"end":{"line":314,"column":null}},{"start":{"line":315,"column":24},"end":{"line":315,"column":null}}],"line":311},"25":{"loc":{"start":{"line":312,"column":24},"end":{"line":314,"column":null}},"type":"cond-expr","locations":[{"start":{"line":313,"column":26},"end":{"line":313,"column":null}},{"start":{"line":314,"column":26},"end":{"line":314,"column":null}}],"line":312},"26":{"loc":{"start":{"line":340,"column":30},"end":{"line":342,"column":null}},"type":"cond-expr","locations":[{"start":{"line":341,"column":34},"end":{"line":341,"column":null}},{"start":{"line":342,"column":34},"end":{"line":342,"column":null}}],"line":340},"27":{"loc":{"start":{"line":359,"column":32},"end":{"line":362,"column":null}},"type":"cond-expr","locations":[{"start":{"line":361,"column":36},"end":{"line":361,"column":null}},{"start":{"line":362,"column":36},"end":{"line":362,"column":null}}],"line":359},"28":{"loc":{"start":{"line":359,"column":32},"end":{"line":360,"column":null}},"type":"binary-expr","locations":[{"start":{"line":359,"column":32},"end":{"line":359,"column":null}},{"start":{"line":360,"column":34},"end":{"line":360,"column":null}}],"line":359},"29":{"loc":{"start":{"line":381,"column":16},"end":{"line":384,"column":null}},"type":"binary-expr","locations":[{"start":{"line":381,"column":16},"end":{"line":381,"column":null}},{"start":{"line":382,"column":16},"end":{"line":382,"column":null}},{"start":{"line":383,"column":16},"end":{"line":383,"column":null}},{"start":{"line":384,"column":16},"end":{"line":384,"column":null}}],"line":381}},"s":{"0":1,"1":72,"2":72,"3":72,"4":72,"5":72,"6":72,"7":72,"8":72,"9":18,"10":18,"11":56,"12":56,"13":0,"14":56,"15":56,"16":56,"17":18,"18":70,"19":72,"20":18,"21":18,"22":56,"23":112,"24":112,"25":0,"26":112,"27":112,"28":112,"29":18,"30":224,"31":72,"32":72,"33":72,"34":18,"35":0,"36":18,"37":0,"38":72,"39":72,"40":72,"41":272,"42":278,"43":272,"44":272,"45":272,"46":0,"47":272,"48":94,"49":72,"50":1,"51":1,"52":1,"53":1,"54":72,"55":72,"56":71,"57":1,"58":68,"59":52,"60":1,"61":0,"62":0,"63":0,"64":0,"65":0,"66":0,"67":0,"68":0},"f":{"0":72,"1":18,"2":56,"3":70,"4":18,"5":56,"6":112,"7":224,"8":18,"9":72,"10":272,"11":278,"12":0,"13":94,"14":1,"15":72,"16":1,"17":52,"18":1,"19":0,"20":0,"21":0,"22":0},"b":{"0":[72],"1":[0,56],"2":[56,0],"3":[0,112],"4":[112,0],"5":[72,0],"6":[72,0],"7":[0,18],"8":[18,0,0],"9":[0,18],"10":[18,4],"11":[272,208,165,146,140],"12":[272,4],"13":[272,0],"14":[272,0],"15":[272,134,131,131],"16":[1,71],"17":[72,71],"18":[3,68],"19":[10,58],"20":[72,0],"21":[72,0],"22":[0,272],"23":[272,0],"24":[72,0],"25":[4,68],"26":[72,0],"27":[0,544],"28":[544,0],"29":[72,20,19,19]},"meta":{"lastBranch":30,"lastFunction":23,"lastStatement":69,"seen":{"s:15:27:398:Infinity":0,"f:15:27:15:Infinity":0,"s:16:35:16:Infinity":1,"s:17:39:17:Infinity":2,"s:18:47:18:Infinity":3,"s:19:37:19:Infinity":4,"s:20:43:20:Infinity":5,"s:21:33:21:Infinity":6,"s:22:72:22:Infinity":7,"b:22:25:22:27":0,"s:24:8:40:Infinity":8,"f:24:34:24:Infinity":1,"s:25:17:25:Infinity":9,"s:27:4:37:Infinity":10,"f:27:19:27:20":2,"s:28:23:28:Infinity":11,"b:29:6:31:Infinity:undefined:undefined:undefined:undefined":1,"s:29:6:31:Infinity":12,"s:30:8:30:Infinity":13,"s:33:18:33:Infinity":14,"b:34:6:36:Infinity:undefined:undefined:undefined:undefined":2,"s:34:6:36:Infinity":15,"s:35:8:35:Infinity":16,"s:39:4:39:Infinity":17,"f:39:42:39:43":3,"s:39:52:39:Infinity":18,"s:42:8:60:Infinity":19,"f:42:29:42:Infinity":4,"s:43:17:43:Infinity":20,"s:45:4:57:Infinity":21,"f:45:19:45:20":5,"s:46:6:56:Infinity":22,"f:46:26:46:27":6,"s:47:27:47:Infinity":23,"b:48:8:50:Infinity:undefined:undefined:undefined:undefined":3,"s:48:8:50:Infinity":24,"s:49:10:49:Infinity":25,"s:52:20:52:Infinity":26,"b:53:8:55:Infinity:undefined:undefined:undefined:undefined":4,"s:53:8:55:Infinity":27,"s:54:10:54:Infinity":28,"s:59:4:59:Infinity":29,"f:59:42:59:43":7,"s:59:52:59:Infinity":30,"s:62:37:62:Infinity":31,"b:62:66:62:73:62:73:62:Infinity":5,"s:63:32:63:Infinity":32,"b:63:56:63:63:63:63:63:Infinity":6,"s:65:2:73:Infinity":33,"f:65:12:65:Infinity":8,"b:66:4:68:Infinity:undefined:undefined:undefined:undefined":7,"s:66:4:68:Infinity":34,"b:66:8:66:34:66:34:66:60:66:60:66:129":8,"s:67:6:67:Infinity":35,"b:70:4:72:Infinity:undefined:undefined:undefined:undefined":9,"s:70:4:72:Infinity":36,"b:70:8:70:35:70:35:70:46":10,"s:71:6:71:Infinity":37,"s:75:8:98:Infinity":38,"f:75:33:75:Infinity":9,"s:76:29:76:Infinity":39,"s:78:4:97:Infinity":40,"f:79:14:79:15":10,"s:81:10:85:Infinity":41,"b:81:10:81:Infinity:82:10:82:Infinity:83:10:83:Infinity:84:10:84:Infinity:85:10:85:Infinity":11,"f:85:27:85:28":11,"s:85:36:85:Infinity":42,"s:87:28:87:Infinity":43,"b:87:28:87:51:87:45:87:Infinity":12,"s:90:10:90:Infinity":44,"b:90:10:90:41:90:41:90:Infinity":13,"s:93:10:93:Infinity":45,"b:93:10:93:36:93:36:93:Infinity":14,"f:93:53:93:54":12,"s:93:62:93:111":46,"s:95:8:95:Infinity":47,"b:95:15:95:32:95:32:95:47:95:47:95:66:95:66:95:Infinity":15,"f:97:12:97:13":13,"s:97:22:97:Infinity":48,"s:100:29:105:Infinity":49,"f:100:29:100:Infinity":14,"s:101:4:101:Infinity":50,"s:102:4:102:Infinity":51,"s:103:4:103:Infinity":52,"s:104:4:104:Infinity":53,"s:107:24:180:Infinity":54,"f:107:24:107:Infinity":15,"b:108:4:114:Infinity:undefined:undefined:undefined:undefined":16,"s:108:4:114:Infinity":55,"b:108:8:108:21:108:21:108:35":17,"b:116:4:132:Infinity:undefined:undefined:undefined:undefined":18,"s:116:4:132:Infinity":56,"f:123:21:123:27":16,"s:123:27:123:Infinity":57,"b:134:4:140:Infinity:undefined:undefined:undefined:undefined":19,"s:134:4:140:Infinity":58,"f:196:24:196:25":17,"s:196:35:196:Infinity":59,"f:213:26:213:27":18,"s:213:37:213:Infinity":60,"b:233:24:233:Infinity:234:24:234:Infinity":20,"f:251:36:251:Infinity":19,"s:252:28:252:Infinity":61,"s:253:28:253:Infinity":62,"b:260:34:260:Infinity:261:34:261:Infinity":21,"f:270:38:270:Infinity":20,"s:271:30:271:Infinity":63,"s:272:30:272:Infinity":64,"b:281:36:281:Infinity:282:36:282:Infinity":22,"b:278:32:278:Infinity:279:34:280:Infinity":23,"b:312:24:314:Infinity:315:24:315:Infinity":24,"b:313:26:313:Infinity:314:26:314:Infinity":25,"f:332:36:332:Infinity":21,"s:333:28:333:Infinity":65,"s:334:28:334:Infinity":66,"b:341:34:341:Infinity:342:34:342:Infinity":26,"f:351:38:351:Infinity":22,"s:352:30:352:Infinity":67,"s:353:30:353:Infinity":68,"b:361:36:361:Infinity:362:36:362:Infinity":27,"b:359:32:359:Infinity:360:34:360:Infinity":28,"b:381:16:381:Infinity:382:16:382:Infinity:383:16:383:Infinity:384:16:384:Infinity":29}}}
,"integrationTests/src/hooks/use-events.ts": {"path":"integrationTests/src/hooks/use-events.ts","statementMap":{"0":{"start":{"line":25,"column":18},"end":{"line":36,"column":null}},"1":{"start":{"line":26,"column":2},"end":{"line":28,"column":null}},"2":{"start":{"line":27,"column":4},"end":{"line":27,"column":null}},"3":{"start":{"line":30,"column":15},"end":{"line":30,"column":null}},"4":{"start":{"line":31,"column":2},"end":{"line":33,"column":null}},"5":{"start":{"line":32,"column":4},"end":{"line":32,"column":null}},"6":{"start":{"line":35,"column":2},"end":{"line":35,"column":null}},"7":{"start":{"line":38,"column":22},"end":{"line":46,"column":null}},"8":{"start":{"line":39,"column":2},"end":{"line":41,"column":null}},"9":{"start":{"line":40,"column":4},"end":{"line":40,"column":null}},"10":{"start":{"line":43,"column":2},"end":{"line":45,"column":null}},"11":{"start":{"line":44,"column":19},"end":{"line":44,"column":null}},"12":{"start":{"line":45,"column":36},"end":{"line":45,"column":null}},"13":{"start":{"line":48,"column":22},"end":{"line":84,"column":null}},"14":{"start":{"line":49,"column":2},"end":{"line":51,"column":null}},"15":{"start":{"line":50,"column":4},"end":{"line":50,"column":null}},"16":{"start":{"line":53,"column":16},"end":{"line":53,"column":null}},"17":{"start":{"line":54,"column":2},"end":{"line":56,"column":null}},"18":{"start":{"line":55,"column":4},"end":{"line":55,"column":null}},"19":{"start":{"line":58,"column":14},"end":{"line":58,"column":null}},"20":{"start":{"line":59,"column":13},"end":{"line":59,"column":30}},"21":{"start":{"line":60,"column":2},"end":{"line":62,"column":null}},"22":{"start":{"line":61,"column":4},"end":{"line":61,"column":null}},"23":{"start":{"line":64,"column":22},"end":{"line":64,"column":null}},"24":{"start":{"line":65,"column":19},"end":{"line":65,"column":null}},"25":{"start":{"line":66,"column":14},"end":{"line":66,"column":null}},"26":{"start":{"line":67,"column":34},"end":{"line":67,"column":null}},"27":{"start":{"line":68,"column":14},"end":{"line":68,"column":null}},"28":{"start":{"line":69,"column":14},"end":{"line":69,"column":null}},"29":{"start":{"line":71,"column":2},"end":{"line":83,"column":null}},"30":{"start":{"line":86,"column":20},"end":{"line":103,"column":null}},"31":{"start":{"line":87,"column":19},"end":{"line":87,"column":null}},"32":{"start":{"line":88,"column":2},"end":{"line":90,"column":null}},"33":{"start":{"line":89,"column":4},"end":{"line":89,"column":null}},"34":{"start":{"line":92,"column":19},"end":{"line":92,"column":null}},"35":{"start":{"line":93,"column":24},"end":{"line":97,"column":10}},"36":{"start":{"line":99,"column":2},"end":{"line":102,"column":null}},"37":{"start":{"line":101,"column":45},"end":{"line":101,"column":null}},"38":{"start":{"line":102,"column":20},"end":{"line":102,"column":null}},"39":{"start":{"line":105,"column":25},"end":{"line":111,"column":null}}},"fnMap":{"0":{"name":"(anonymous_0)","decl":{"start":{"line":25,"column":18},"end":{"line":25,"column":19}},"loc":{"start":{"line":25,"column":19},"end":{"line":36,"column":null}},"line":25},"1":{"name":"(anonymous_1)","decl":{"start":{"line":38,"column":22},"end":{"line":38,"column":23}},"loc":{"start":{"line":38,"column":23},"end":{"line":46,"column":null}},"line":38},"2":{"name":"(anonymous_2)","decl":{"start":{"line":44,"column":9},"end":{"line":44,"column":10}},"loc":{"start":{"line":44,"column":19},"end":{"line":44,"column":null}},"line":44},"3":{"name":"(anonymous_3)","decl":{"start":{"line":45,"column":12},"end":{"line":45,"column":13}},"loc":{"start":{"line":45,"column":36},"end":{"line":45,"column":null}},"line":45},"4":{"name":"(anonymous_4)","decl":{"start":{"line":48,"column":22},"end":{"line":48,"column":23}},"loc":{"start":{"line":48,"column":23},"end":{"line":84,"column":null}},"line":48},"5":{"name":"(anonymous_5)","decl":{"start":{"line":86,"column":20},"end":{"line":86,"column":null}},"loc":{"start":{"line":86,"column":20},"end":{"line":103,"column":null}},"line":86},"6":{"name":"(anonymous_6)","decl":{"start":{"line":101,"column":12},"end":{"line":101,"column":13}},"loc":{"start":{"line":101,"column":45},"end":{"line":101,"column":null}},"line":101},"7":{"name":"(anonymous_7)","decl":{"start":{"line":102,"column":10},"end":{"line":102,"column":11}},"loc":{"start":{"line":102,"column":20},"end":{"line":102,"column":null}},"line":102},"8":{"name":"(anonymous_8)","decl":{"start":{"line":105,"column":25},"end":{"line":105,"column":null}},"loc":{"start":{"line":105,"column":25},"end":{"line":111,"column":null}},"line":105}},"branchMap":{"0":{"loc":{"start":{"line":26,"column":2},"end":{"line":28,"column":null}},"type":"if","locations":[{"start":{"line":26,"column":2},"end":{"line":28,"column":null}},{"start":{},"end":{}}],"line":26},"1":{"loc":{"start":{"line":26,"column":6},"end":{"line":26,"column":55}},"type":"binary-expr","locations":[{"start":{"line":26,"column":6},"end":{"line":26,"column":35}},{"start":{"line":26,"column":35},"end":{"line":26,"column":55}}],"line":26},"2":{"loc":{"start":{"line":31,"column":2},"end":{"line":33,"column":null}},"type":"if","locations":[{"start":{"line":31,"column":2},"end":{"line":33,"column":null}},{"start":{},"end":{}}],"line":31},"3":{"loc":{"start":{"line":39,"column":2},"end":{"line":41,"column":null}},"type":"if","locations":[{"start":{"line":39,"column":2},"end":{"line":41,"column":null}},{"start":{},"end":{}}],"line":39},"4":{"loc":{"start":{"line":44,"column":19},"end":{"line":44,"column":null}},"type":"cond-expr","locations":[{"start":{"line":44,"column":45},"end":{"line":44,"column":58}},{"start":{"line":44,"column":58},"end":{"line":44,"column":null}}],"line":44},"5":{"loc":{"start":{"line":49,"column":2},"end":{"line":51,"column":null}},"type":"if","locations":[{"start":{"line":49,"column":2},"end":{"line":51,"column":null}},{"start":{},"end":{}}],"line":49},"6":{"loc":{"start":{"line":54,"column":2},"end":{"line":56,"column":null}},"type":"if","locations":[{"start":{"line":54,"column":2},"end":{"line":56,"column":null}},{"start":{},"end":{}}],"line":54},"7":{"loc":{"start":{"line":58,"column":14},"end":{"line":58,"column":null}},"type":"binary-expr","locations":[{"start":{"line":58,"column":14},"end":{"line":58,"column":36}},{"start":{"line":58,"column":36},"end":{"line":58,"column":null}}],"line":58},"8":{"loc":{"start":{"line":59,"column":13},"end":{"line":59,"column":30}},"type":"binary-expr","locations":[{"start":{"line":59,"column":13},"end":{"line":59,"column":19}},{"start":{"line":59,"column":23},"end":{"line":59,"column":30}}],"line":59},"9":{"loc":{"start":{"line":60,"column":2},"end":{"line":62,"column":null}},"type":"if","locations":[{"start":{"line":60,"column":2},"end":{"line":62,"column":null}},{"start":{},"end":{}}],"line":60},"10":{"loc":{"start":{"line":64,"column":22},"end":{"line":64,"column":null}},"type":"cond-expr","locations":[{"start":{"line":64,"column":60},"end":{"line":64,"column":85}},{"start":{"line":64,"column":85},"end":{"line":64,"column":null}}],"line":64},"11":{"loc":{"start":{"line":65,"column":19},"end":{"line":65,"column":null}},"type":"cond-expr","locations":[{"start":{"line":65,"column":88},"end":{"line":65,"column":110}},{"start":{"line":65,"column":110},"end":{"line":65,"column":null}}],"line":65},"12":{"loc":{"start":{"line":65,"column":19},"end":{"line":65,"column":88}},"type":"binary-expr","locations":[{"start":{"line":65,"column":19},"end":{"line":65,"column":55}},{"start":{"line":65,"column":55},"end":{"line":65,"column":88}}],"line":65},"13":{"loc":{"start":{"line":66,"column":14},"end":{"line":66,"column":null}},"type":"cond-expr","locations":[{"start":{"line":66,"column":66},"end":{"line":66,"column":73}},{"start":{"line":66,"column":76},"end":{"line":66,"column":null}}],"line":66},"14":{"loc":{"start":{"line":66,"column":14},"end":{"line":66,"column":66}},"type":"binary-expr","locations":[{"start":{"line":66,"column":14},"end":{"line":66,"column":45}},{"start":{"line":66,"column":45},"end":{"line":66,"column":66}}],"line":66},"15":{"loc":{"start":{"line":67,"column":34},"end":{"line":67,"column":null}},"type":"binary-expr","locations":[{"start":{"line":67,"column":34},"end":{"line":67,"column":46}},{"start":{"line":67,"column":50},"end":{"line":67,"column":null}}],"line":67},"16":{"loc":{"start":{"line":68,"column":14},"end":{"line":68,"column":null}},"type":"cond-expr","locations":[{"start":{"line":68,"column":44},"end":{"line":68,"column":51}},{"start":{"line":68,"column":54},"end":{"line":68,"column":null}}],"line":68},"17":{"loc":{"start":{"line":69,"column":14},"end":{"line":69,"column":null}},"type":"cond-expr","locations":[{"start":{"line":69,"column":44},"end":{"line":69,"column":51}},{"start":{"line":69,"column":54},"end":{"line":69,"column":null}}],"line":69},"18":{"loc":{"start":{"line":74,"column":17},"end":{"line":74,"column":null}},"type":"cond-expr","locations":[{"start":{"line":74,"column":57},"end":{"line":74,"column":71}},{"start":{"line":74,"column":71},"end":{"line":74,"column":null}}],"line":74},"19":{"loc":{"start":{"line":74,"column":17},"end":{"line":74,"column":57}},"type":"binary-expr","locations":[{"start":{"line":74,"column":17},"end":{"line":74,"column":32}},{"start":{"line":74,"column":32},"end":{"line":74,"column":57}}],"line":74},"20":{"loc":{"start":{"line":88,"column":2},"end":{"line":90,"column":null}},"type":"if","locations":[{"start":{"line":88,"column":2},"end":{"line":90,"column":null}},{"start":{},"end":{}}],"line":88},"21":{"loc":{"start":{"line":93,"column":24},"end":{"line":97,"column":10}},"type":"cond-expr","locations":[{"start":{"line":94,"column":6},"end":{"line":94,"column":null}},{"start":{"line":95,"column":6},"end":{"line":97,"column":10}}],"line":93},"22":{"loc":{"start":{"line":95,"column":6},"end":{"line":97,"column":10}},"type":"cond-expr","locations":[{"start":{"line":96,"column":8},"end":{"line":96,"column":22}},{"start":{"line":97,"column":8},"end":{"line":97,"column":10}}],"line":95}},"s":{"0":1,"1":49,"2":2,"3":47,"4":47,"5":0,"6":47,"7":1,"8":23,"9":10,"10":13,"11":28,"12":28,"13":1,"14":27,"15":2,"16":25,"17":25,"18":1,"19":24,"20":27,"21":27,"22":1,"23":23,"24":27,"25":27,"26":27,"27":27,"28":27,"29":27,"30":1,"31":15,"32":14,"33":1,"34":13,"35":13,"36":15,"37":27,"38":15,"39":30},"f":{"0":49,"1":23,"2":28,"3":28,"4":27,"5":15,"6":27,"7":15,"8":30},"b":{"0":[2,47],"1":[49,47],"2":[0,47],"3":[10,13],"4":[28,0],"5":[2,25],"6":[1,24],"7":[24,1],"8":[27,1],"9":[1,26],"10":[12,11],"11":[12,11],"12":[27,12],"13":[12,11],"14":[27,12],"15":[27,11],"16":[13,10],"17":[13,10],"18":[12,11],"19":[27,12],"20":[1,13],"21":[1,12],"22":[12,0]},"meta":{"lastBranch":23,"lastFunction":9,"lastStatement":40,"seen":{"s:25:18:36:Infinity":0,"f:25:18:25:19":0,"b:26:2:28:Infinity:undefined:undefined:undefined:undefined":0,"s:26:2:28:Infinity":1,"b:26:6:26:35:26:35:26:55":1,"s:27:4:27:Infinity":2,"s:30:15:30:Infinity":3,"b:31:2:33:Infinity:undefined:undefined:undefined:undefined":2,"s:31:2:33:Infinity":4,"s:32:4:32:Infinity":5,"s:35:2:35:Infinity":6,"s:38:22:46:Infinity":7,"f:38:22:38:23":1,"b:39:2:41:Infinity:undefined:undefined:undefined:undefined":3,"s:39:2:41:Infinity":8,"s:40:4:40:Infinity":9,"s:43:2:45:Infinity":10,"f:44:9:44:10":2,"s:44:19:44:Infinity":11,"b:44:45:44:58:44:58:44:Infinity":4,"f:45:12:45:13":3,"s:45:36:45:Infinity":12,"s:48:22:84:Infinity":13,"f:48:22:48:23":4,"b:49:2:51:Infinity:undefined:undefined:undefined:undefined":5,"s:49:2:51:Infinity":14,"s:50:4:50:Infinity":15,"s:53:16:53:Infinity":16,"b:54:2:56:Infinity:undefined:undefined:undefined:undefined":6,"s:54:2:56:Infinity":17,"s:55:4:55:Infinity":18,"s:58:14:58:Infinity":19,"b:58:14:58:36:58:36:58:Infinity":7,"s:59:13:59:30":20,"b:59:13:59:19:59:23:59:30":8,"b:60:2:62:Infinity:undefined:undefined:undefined:undefined":9,"s:60:2:62:Infinity":21,"s:61:4:61:Infinity":22,"s:64:22:64:Infinity":23,"b:64:60:64:85:64:85:64:Infinity":10,"s:65:19:65:Infinity":24,"b:65:88:65:110:65:110:65:Infinity":11,"b:65:19:65:55:65:55:65:88":12,"s:66:14:66:Infinity":25,"b:66:66:66:73:66:76:66:Infinity":13,"b:66:14:66:45:66:45:66:66":14,"s:67:34:67:Infinity":26,"b:67:34:67:46:67:50:67:Infinity":15,"s:68:14:68:Infinity":27,"b:68:44:68:51:68:54:68:Infinity":16,"s:69:14:69:Infinity":28,"b:69:44:69:51:69:54:69:Infinity":17,"s:71:2:83:Infinity":29,"b:74:57:74:71:74:71:74:Infinity":18,"b:74:17:74:32:74:32:74:57":19,"s:86:20:103:Infinity":30,"f:86:20:86:Infinity":5,"s:87:19:87:Infinity":31,"b:88:2:90:Infinity:undefined:undefined:undefined:undefined":20,"s:88:2:90:Infinity":32,"s:89:4:89:Infinity":33,"s:92:19:92:Infinity":34,"s:93:24:97:10":35,"b:94:6:94:Infinity:95:6:97:10":21,"b:96:8:96:22:97:8:97:10":22,"s:99:2:102:Infinity":36,"f:101:12:101:13":6,"s:101:45:101:Infinity":37,"f:102:10:102:11":7,"s:102:20:102:Infinity":38,"s:105:25:111:Infinity":39,"f:105:25:105:Infinity":8}}}
,"integrationTests/src/lib/events.ts": {"path":"integrationTests/src/lib/events.ts","statementMap":{"0":{"start":{"line":3,"column":25},"end":{"line":3,"column":null}},"1":{"start":{"line":5,"column":25},"end":{"line":11,"column":null}},"2":{"start":{"line":6,"column":2},"end":{"line":11,"column":null}},"3":{"start":{"line":13,"column":34},"end":{"line":14,"column":null}},"4":{"start":{"line":14,"column":2},"end":{"line":14,"column":null}},"5":{"start":{"line":16,"column":36},"end":{"line":17,"column":null}},"6":{"start":{"line":17,"column":2},"end":{"line":17,"column":null}},"7":{"start":{"line":19,"column":33},"end":{"line":27,"column":null}},"8":{"start":{"line":20,"column":20},"end":{"line":20,"column":null}},"9":{"start":{"line":21,"column":18},"end":{"line":21,"column":null}},"10":{"start":{"line":23,"column":2},"end":{"line":26,"column":null}},"11":{"start":{"line":29,"column":33},"end":{"line":37,"column":null}},"12":{"start":{"line":30,"column":2},"end":{"line":32,"column":null}},"13":{"start":{"line":31,"column":4},"end":{"line":31,"column":null}},"14":{"start":{"line":34,"column":33},"end":{"line":34,"column":null}},"15":{"start":{"line":36,"column":2},"end":{"line":36,"column":null}},"16":{"start":{"line":39,"column":33},"end":{"line":39,"column":null}},"17":{"start":{"line":39,"column":39},"end":{"line":39,"column":null}}},"fnMap":{"0":{"name":"(anonymous_0)","decl":{"start":{"line":5,"column":25},"end":{"line":5,"column":26}},"loc":{"start":{"line":6,"column":2},"end":{"line":11,"column":null}},"line":6},"1":{"name":"(anonymous_1)","decl":{"start":{"line":13,"column":34},"end":{"line":13,"column":35}},"loc":{"start":{"line":14,"column":2},"end":{"line":14,"column":null}},"line":14},"2":{"name":"(anonymous_2)","decl":{"start":{"line":16,"column":36},"end":{"line":16,"column":37}},"loc":{"start":{"line":17,"column":2},"end":{"line":17,"column":null}},"line":17},"3":{"name":"(anonymous_3)","decl":{"start":{"line":19,"column":33},"end":{"line":19,"column":34}},"loc":{"start":{"line":19,"column":89},"end":{"line":27,"column":null}},"line":19},"4":{"name":"(anonymous_4)","decl":{"start":{"line":29,"column":33},"end":{"line":29,"column":34}},"loc":{"start":{"line":29,"column":103},"end":{"line":37,"column":null}},"line":29},"5":{"name":"(anonymous_5)","decl":{"start":{"line":39,"column":33},"end":{"line":39,"column":39}},"loc":{"start":{"line":39,"column":39},"end":{"line":39,"column":null}},"line":39}},"branchMap":{"0":{"loc":{"start":{"line":13,"column":47},"end":{"line":13,"column":82}},"type":"default-arg","locations":[{"start":{"line":13,"column":66},"end":{"line":13,"column":82}}],"line":13},"1":{"loc":{"start":{"line":16,"column":37},"end":{"line":16,"column":65}},"type":"default-arg","locations":[{"start":{"line":16,"column":55},"end":{"line":16,"column":65}}],"line":16},"2":{"loc":{"start":{"line":16,"column":67},"end":{"line":16,"column":102}},"type":"default-arg","locations":[{"start":{"line":16,"column":86},"end":{"line":16,"column":102}}],"line":16},"3":{"loc":{"start":{"line":19,"column":54},"end":{"line":19,"column":89}},"type":"default-arg","locations":[{"start":{"line":19,"column":73},"end":{"line":19,"column":89}}],"line":19},"4":{"loc":{"start":{"line":29,"column":68},"end":{"line":29,"column":103}},"type":"default-arg","locations":[{"start":{"line":29,"column":87},"end":{"line":29,"column":103}}],"line":29},"5":{"loc":{"start":{"line":30,"column":2},"end":{"line":32,"column":null}},"type":"if","locations":[{"start":{"line":30,"column":2},"end":{"line":32,"column":null}},{"start":{},"end":{}}],"line":30},"6":{"loc":{"start":{"line":36,"column":9},"end":{"line":36,"column":null}},"type":"binary-expr","locations":[{"start":{"line":36,"column":9},"end":{"line":36,"column":30}},{"start":{"line":36,"column":30},"end":{"line":36,"column":null}}],"line":36}},"s":{"0":2,"1":2,"2":34,"3":2,"4":31,"5":2,"6":3,"7":2,"8":14,"9":14,"10":14,"11":2,"12":12,"13":1,"14":11,"15":11,"16":2,"17":1},"f":{"0":34,"1":31,"2":3,"3":14,"4":12,"5":1},"b":{"0":[31],"1":[3],"2":[3],"3":[14],"4":[12],"5":[1,11],"6":[11,7]},"meta":{"lastBranch":7,"lastFunction":6,"lastStatement":18,"seen":{"s:3:25:3:Infinity":0,"s:5:25:11:Infinity":1,"f:5:25:5:26":0,"s:6:2:11:Infinity":2,"s:13:34:14:Infinity":3,"f:13:34:13:35":1,"s:14:2:14:Infinity":4,"b:13:66:13:82":0,"s:16:36:17:Infinity":5,"f:16:36:16:37":2,"s:17:2:17:Infinity":6,"b:16:55:16:65":1,"b:16:86:16:102":2,"s:19:33:27:Infinity":7,"f:19:33:19:34":3,"b:19:73:19:89":3,"s:20:20:20:Infinity":8,"s:21:18:21:Infinity":9,"s:23:2:26:Infinity":10,"s:29:33:37:Infinity":11,"f:29:33:29:34":4,"b:29:87:29:103":4,"b:30:2:32:Infinity:undefined:undefined:undefined:undefined":5,"s:30:2:32:Infinity":12,"s:31:4:31:Infinity":13,"s:34:33:34:Infinity":14,"s:36:2:36:Infinity":15,"b:36:9:36:30:36:30:36:Infinity":6,"s:39:33:39:Infinity":16,"f:39:33:39:39":5,"s:39:39:39:Infinity":17}}}
,"integrationTests/src/lib/mapState.ts": {"path":"integrationTests/src/lib/mapState.ts","statementMap":{"0":{"start":{"line":18,"column":31},"end":{"line":23,"column":null}},"1":{"start":{"line":20,"column":4},"end":{"line":20,"column":null}},"2":{"start":{"line":21,"column":4},"end":{"line":21,"column":null}},"3":{"start":{"line":26,"column":13},"end":{"line":121,"column":null}},"4":{"start":{"line":26,"column":59},"end":{"line":121,"column":null}},"5":{"start":{"line":35,"column":25},"end":{"line":35,"column":null}},"6":{"start":{"line":36,"column":21},"end":{"line":36,"column":null}},"7":{"start":{"line":37,"column":27},"end":{"line":37,"column":null}},"8":{"start":{"line":38,"column":22},"end":{"line":38,"column":null}},"9":{"start":{"line":38,"column":38},"end":{"line":38,"column":null}},"10":{"start":{"line":40,"column":20},"end":{"line":40,"column":52}},"11":{"start":{"line":41,"column":4},"end":{"line":41,"column":null}},"12":{"start":{"line":44,"column":4},"end":{"line":68,"column":null}},"13":{"start":{"line":45,"column":6},"end":{"line":47,"column":null}},"14":{"start":{"line":46,"column":8},"end":{"line":46,"column":null}},"15":{"start":{"line":49,"column":30},"end":{"line":52,"column":null}},"16":{"start":{"line":54,"column":25},"end":{"line":54,"column":null}},"17":{"start":{"line":55,"column":41},"end":{"line":55,"column":null}},"18":{"start":{"line":57,"column":6},"end":{"line":65,"column":null}},"19":{"start":{"line":58,"column":8},"end":{"line":60,"column":null}},"20":{"start":{"line":59,"column":10},"end":{"line":59,"column":null}},"21":{"start":{"line":62,"column":8},"end":{"line":64,"column":null}},"22":{"start":{"line":63,"column":10},"end":{"line":63,"column":null}},"23":{"start":{"line":67,"column":6},"end":{"line":67,"column":null}},"24":{"start":{"line":70,"column":4},"end":{"line":84,"column":null}},"25":{"start":{"line":71,"column":25},"end":{"line":71,"column":null}},"26":{"start":{"line":72,"column":6},"end":{"line":74,"column":null}},"27":{"start":{"line":73,"column":8},"end":{"line":73,"column":null}},"28":{"start":{"line":76,"column":30},"end":{"line":81,"column":null}},"29":{"start":{"line":79,"column":8},"end":{"line":79,"column":null}},"30":{"start":{"line":80,"column":8},"end":{"line":80,"column":null}},"31":{"start":{"line":83,"column":6},"end":{"line":83,"column":null}},"32":{"start":{"line":86,"column":4},"end":{"line":112,"column":null}},"33":{"start":{"line":87,"column":25},"end":{"line":87,"column":null}},"34":{"start":{"line":88,"column":6},"end":{"line":90,"column":null}},"35":{"start":{"line":89,"column":8},"end":{"line":89,"column":null}},"36":{"start":{"line":92,"column":30},"end":{"line":97,"column":null}},"37":{"start":{"line":95,"column":8},"end":{"line":95,"column":null}},"38":{"start":{"line":96,"column":8},"end":{"line":96,"column":null}},"39":{"start":{"line":99,"column":41},"end":{"line":101,"column":null}},"40":{"start":{"line":103,"column":6},"end":{"line":105,"column":null}},"41":{"start":{"line":104,"column":8},"end":{"line":104,"column":null}},"42":{"start":{"line":107,"column":6},"end":{"line":109,"column":null}},"43":{"start":{"line":108,"column":8},"end":{"line":108,"column":null}},"44":{"start":{"line":111,"column":6},"end":{"line":111,"column":null}},"45":{"start":{"line":114,"column":4},"end":{"line":115,"column":null}},"46":{"start":{"line":115,"column":6},"end":{"line":115,"column":null}},"47":{"start":{"line":118,"column":4},"end":{"line":119,"column":null}},"48":{"start":{"line":119,"column":6},"end":{"line":119,"column":null}}},"fnMap":{"0":{"name":"(anonymous_0)","decl":{"start":{"line":19,"column":2},"end":{"line":19,"column":3}},"loc":{"start":{"line":19,"column":8},"end":{"line":22,"column":null}},"line":19},"1":{"name":"(anonymous_1)","decl":{"start":{"line":26,"column":44},"end":{"line":26,"column":45}},"loc":{"start":{"line":26,"column":59},"end":{"line":121,"column":null}},"line":26},"2":{"name":"(anonymous_2)","decl":{"start":{"line":35,"column":13},"end":{"line":35,"column":14}},"loc":{"start":{"line":35,"column":25},"end":{"line":35,"column":null}},"line":35},"3":{"name":"(anonymous_3)","decl":{"start":{"line":36,"column":11},"end":{"line":36,"column":12}},"loc":{"start":{"line":36,"column":21},"end":{"line":36,"column":null}},"line":36},"4":{"name":"(anonymous_4)","decl":{"start":{"line":37,"column":18},"end":{"line":37,"column":19}},"loc":{"start":{"line":37,"column":27},"end":{"line":37,"column":null}},"line":37},"5":{"name":"(anonymous_5)","decl":{"start":{"line":38,"column":16},"end":{"line":38,"column":22}},"loc":{"start":{"line":38,"column":22},"end":{"line":38,"column":null}},"line":38},"6":{"name":"(anonymous_6)","decl":{"start":{"line":38,"column":26},"end":{"line":38,"column":27}},"loc":{"start":{"line":38,"column":38},"end":{"line":38,"column":null}},"line":38},"7":{"name":"(anonymous_7)","decl":{"start":{"line":39,"column":25},"end":{"line":39,"column":26}},"loc":{"start":{"line":39,"column":26},"end":{"line":42,"column":null}},"line":39},"8":{"name":"(anonymous_8)","decl":{"start":{"line":43,"column":22},"end":{"line":43,"column":23}},"loc":{"start":{"line":44,"column":4},"end":{"line":68,"column":null}},"line":44},"9":{"name":"(anonymous_9)","decl":{"start":{"line":44,"column":8},"end":{"line":44,"column":9}},"loc":{"start":{"line":44,"column":9},"end":{"line":68,"column":null}},"line":44},"10":{"name":"(anonymous_10)","decl":{"start":{"line":69,"column":19},"end":{"line":69,"column":null}},"loc":{"start":{"line":70,"column":4},"end":{"line":84,"column":null}},"line":70},"11":{"name":"(anonymous_11)","decl":{"start":{"line":70,"column":8},"end":{"line":70,"column":9}},"loc":{"start":{"line":70,"column":9},"end":{"line":84,"column":null}},"line":70},"12":{"name":"(anonymous_12)","decl":{"start":{"line":78,"column":8},"end":{"line":78,"column":9}},"loc":{"start":{"line":78,"column":14},"end":{"line":81,"column":9}},"line":78},"13":{"name":"(anonymous_13)","decl":{"start":{"line":85,"column":20},"end":{"line":85,"column":null}},"loc":{"start":{"line":86,"column":4},"end":{"line":112,"column":null}},"line":86},"14":{"name":"(anonymous_14)","decl":{"start":{"line":86,"column":8},"end":{"line":86,"column":9}},"loc":{"start":{"line":86,"column":9},"end":{"line":112,"column":null}},"line":86},"15":{"name":"(anonymous_15)","decl":{"start":{"line":94,"column":8},"end":{"line":94,"column":9}},"loc":{"start":{"line":94,"column":14},"end":{"line":97,"column":9}},"line":94},"16":{"name":"(anonymous_16)","decl":{"start":{"line":113,"column":20},"end":{"line":113,"column":21}},"loc":{"start":{"line":114,"column":4},"end":{"line":115,"column":null}},"line":114},"17":{"name":"(anonymous_17)","decl":{"start":{"line":114,"column":8},"end":{"line":114,"column":9}},"loc":{"start":{"line":115,"column":6},"end":{"line":115,"column":null}},"line":115},"18":{"name
[...]
f:26:44:26:45":1,"s:26:59:121:Infinity":4,"f:35:13:35:14":2,"s:35:25:35:Infinity":5,"f:36:11:36:12":3,"s:36:21:36:Infinity":6,"f:37:18:37:19":4,"s:37:27:37:Infinity":7,"f:38:16:38:22":5,"s:38:22:38:Infinity":8,"f:38:26:38:27":6,"s:38:38:38:Infinity":9,"f:39:25:39:26":7,"s:40:20:40:52":10,"s:41:4:41:Infinity":11,"f:43:22:43:23":8,"s:44:4:68:Infinity":12,"f:44:8:44:9":9,"b:45:6:47:Infinity:undefined:undefined:undefined:undefined":0,"s:45:6:47:Infinity":13,"s:46:8:46:Infinity":14,"s:49:30:52:Infinity":15,"s:54:25:54:Infinity":16,"s:55:41:55:Infinity":17,"b:57:6:65:Infinity:undefined:undefined:undefined:undefined":1,"s:57:6:65:Infinity":18,"b:58:8:60:Infinity:undefined:undefined:undefined:undefined":2,"s:58:8:60:Infinity":19,"s:59:10:59:Infinity":20,"b:62:8:64:Infinity:undefined:undefined:undefined:undefined":3,"s:62:8:64:Infinity":21,"s:63:10:63:Infinity":22,"s:67:6:67:Infinity":23,"f:69:19:69:Infinity":10,"s:70:4:84:Infinity":24,"f:70:8:70:9":11,"s:71:25:71:Infinity":25,"b:72:6:74:Infinity:undefined:undefined:undefined:undefined":4,"s:72:6:74:Infinity":26,"s:73:8:73:Infinity":27,"s:76:30:81:Infinity":28,"f:78:8:78:9":12,"s:79:8:79:Infinity":29,"s:80:8:80:Infinity":30,"s:83:6:83:Infinity":31,"f:85:20:85:Infinity":13,"s:86:4:112:Infinity":32,"f:86:8:86:9":14,"s:87:25:87:Infinity":33,"b:88:6:90:Infinity:undefined:undefined:undefined:undefined":5,"s:88:6:90:Infinity":34,"s:89:8:89:Infinity":35,"s:92:30:97:Infinity":36,"f:94:8:94:9":15,"s:95:8:95:Infinity":37,"s:96:8:96:Infinity":38,"s:99:41:101:Infinity":39,"b:103:6:105:Infinity:undefined:undefined:undefined:undefined":6,"s:103:6:105:Infinity":40,"s:104:8:104:Infinity":41,"b:107:6:109:Infinity:undefined:undefined:undefined:undefined":7,"s:107:6:109:Infinity":42,"s:108:8:108:Infinity":43,"s:111:6:111:Infinity":44,"f:113:20:113:21":16,"s:114:4:115:Infinity":45,"f:114:8:114:9":17,"s:115:6:115:Infinity":46,"b:115:39:115:47:115:47:115:Infinity":8,"f:117:21:117:22":18,"s:118:4:119:Infinity":47,"f:118:8:118:9":19,"s:119:6:119:Infinity":48,"b:119:40:119:48:119:48:119:Infinity":9}}}
,"integrationTests/src/lib/mapsClient.ts": {"path":"integrationTests/src/lib/mapsClient.ts","statementMap":{"0":{"start":{"line":11,"column":29},"end":{"line":23,"column":null}},"1":{"start":{"line":12,"column":17},"end":{"line":12,"column":57}},"2":{"start":{"line":14,"column":2},"end":{"line":16,"column":null}},"3":{"start":{"line":15,"column":4},"end":{"line":15,"column":null}},"4":{"start":{"line":18,"column":2},"end":{"line":22,"column":null}},"5":{"start":{"line":26,"column":30},"end":{"line":26,"column":null}},"6":{"start":{"line":28,"column":28},"end":{"line":28,"column":null}},"7":{"start":{"line":31,"column":70},"end":{"line":36,"column":null}},"8":{"start":{"line":40,"column":26},"end":{"line":45,"column":null}},"9":{"start":{"line":47,"column":37},"end":{"line":65,"column":null}},"10":{"start":{"line":48,"column":2},"end":{"line":50,"column":null}},"11":{"start":{"line":49,"column":4},"end":{"line":49,"column":null}},"12":{"start":{"line":52,"column":14},"end":{"line":52,"column":null}},"13":{"start":{"line":53,"column":14},"end":{"line":53,"column":null}},"14":{"start":{"line":54,"column":13},"end":{"line":54,"column":null}},"15":{"start":{"line":55,"column":13},"end":{"line":55,"column":null}},"16":{"start":{"line":57,"column":2},"end":{"line":62,"column":null}},"17":{"start":{"line":58,"column":4},"end":{"line":58,"column":null}},"18":{"start":{"line":59,"column":4},"end":{"line":59,"column":null}},"19":{"start":{"line":60,"column":4},"end":{"line":60,"column":null}},"20":{"start":{"line":61,"column":4},"end":{"line":61,"column":null}},"21":{"start":{"line":64,"column":2},"end":{"line":64,"column":null}},"22":{"start":{"line":68,"column":51},"end":{"line":81,"column":null}}},"fnMap":{"0":{"name":"(anonymous_0)","decl":{"start":{"line":11,"column":29},"end":{"line":11,"column":null}},"loc":{"start":{"line":11,"column":29},"end":{"line":23,"column":null}},"line":11},"1":{"name":"(anonymous_1)","decl":{"start":{"line":47,"column":37},"end":{"line":47,"column":null}},"loc":{"start":{"line":47,"column":37},"end":{"line":65,"column":null}},"line":47}},"branchMap":{"0":{"loc":{"start":{"line":14,"column":2},"end":{"line":16,"column":null}},"type":"if","locations":[{"start":{"line":14,"column":2},"end":{"line":16,"column":null}},{"start":{},"end":{}}],"line":14},"1":{"loc":{"start":{"line":19,"column":12},"end":{"line":19,"column":null}},"type":"binary-expr","locations":[{"start":{"line":19,"column":12},"end":{"line":19,"column":22}},{"start":{"line":19,"column":22},"end":{"line":19,"column":null}}],"line":19},"2":{"loc":{"start":{"line":48,"column":2},"end":{"line":50,"column":null}},"type":"if","locations":[{"start":{"line":48,"column":2},"end":{"line":50,"column":null}},{"start":{},"end":{}}],"line":48}},"s":{"0":1,"1":40,"2":40,"3":0,"4":40,"5":1,"6":1,"7":1,"8":1,"9":1,"10":17,"11":0,"12":17,"13":17,"14":17,"15":17,"16":17,"17":272,"18":272,"19":272,"20":272,"21":17,"22":1},"f":{"0":40,"1":17},"b":{"0":[0,40],"1":[40,0],"2":[0,17]},"meta":{"lastBranch":3,"lastFunction":2,"lastStatement":23,"seen":{"s:11:29:23:Infinity":0,"f:11:29:11:Infinity":0,"s:12:17:12:57":1,"b:14:2:16:Infinity:undefined:undefined:undefined:undefined":0,"s:14:2:16:Infinity":2,"s:15:4:15:Infinity":3,"s:18:2:22:Infinity":4,"b:19:12:19:22:19:22:19:Infinity":1,"s:26:30:26:Infinity":5,"s:28:28:28:Infinity":6,"s:31:70:36:Infinity":7,"s:40:26:45:Infinity":8,"s:47:37:65:Infinity":9,"f:47:37:47:Infinity":1,"b:48:2:50:Infinity:undefined:undefined:undefined:undefined":2,"s:48:2:50:Infinity":10,"s:49:4:49:Infinity":11,"s:52:14:52:Infinity":12,"s:53:14:53:Infinity":13,"s:54:13:54:Infinity":14,"s:55:13:55:Infinity":15,"s:57:2:62:Infinity":16,"s:58:4:58:Infinity":17,"s:59:4:59:Infinity":18,"s:60:4:60:Infinity":19,"s:61:4:61:Infinity":20,"s:64:2:64:Infinity":21,"s:68:51:81:Infinity":22}}}
,"integrationTests/src/lib/utils.ts": {"path":"integrationTests/src/lib/utils.ts","statementMap":{"0":{"start":{"line":5,"column":2},"end":{"line":5,"column":null}}},"fnMap":{"0":{"name":"cn","decl":{"start":{"line":4,"column":16},"end":{"line":4,"column":19}},"loc":{"start":{"line":4,"column":42},"end":{"line":6,"column":null}},"line":4}},"branchMap":{},"s":{"0":3315},"f":{"0":3315},"b":{},"meta":{"lastBranch":0,"lastFunction":1,"lastStatement":1,"seen":{"f:4:16:4:19":0,"s:5:2:5:Infinity":0}}}
,"integrationTests/tests/fixtures/events.ts": {"path":"integrationTests/tests/fixtures/events.ts","statementMap":{"0":{"start":{"line":3,"column":31},"end":{"line":16,"column":null}},"1":{"start":{"line":3,"column":83},"end":{"line":16,"column":null}},"2":{"start":{"line":18,"column":41},"end":{"line":55,"column":null}},"3":{"start":{"line":57,"column":34},"end":{"line":72,"column":null}},"4":{"start":{"line":59,"column":37},"end":{"line":71,"column":null}}},"fnMap":{"0":{"name":"(anonymous_0)","decl":{"start":{"line":3,"column":31},"end":{"line":3,"column":32}},"loc":{"start":{"line":3,"column":83},"end":{"line":16,"column":null}},"line":3},"1":{"name":"(anonymous_1)","decl":{"start":{"line":59,"column":25},"end":{"line":59,"column":26}},"loc":{"start":{"line":59,"column":37},"end":{"line":71,"column":null}},"line":59}},"branchMap":{},"s":{"0":3,"1":21,"2":3,"3":3,"4":12},"f":{"0":21,"1":12},"b":{},"meta":{"lastBranch":0,"lastFunction":2,"lastStatement":5,"seen":{"s:3:31:16:Infinity":0,"f:3:31:3:32":0,"s:3:83:16:Infinity":1,"s:18:41:55:Infinity":2,"s:57:34:72:Infinity":3,"f:59:25:59:26":1,"s:59:37:71:Infinity":4}}}
,"integrationTests/tests/mocks/googleMaps.ts": {"path":"integrationTests/tests/mocks/googleMaps.ts","statementMap":{"0":{"start":{"line":11,"column":4},"end":{"line":11,"column":null}},"1":{"start":{"line":15,"column":4},"end":{"line":15,"column":null}},"2":{"start":{"line":19,"column":4},"end":{"line":19,"column":null}},"3":{"start":{"line":23,"column":4},"end":{"line":25,"column":null}},"4":{"start":{"line":24,"column":6},"end":{"line":24,"column":null}},"5":{"start":{"line":26,"column":4},"end":{"line":26,"column":null}},"6":{"start":{"line":30,"column":16},"end":{"line":30,"column":68}},"7":{"start":{"line":31,"column":16},"end":{"line":31,"column":68}},"8":{"start":{"line":32,"column":4},"end":{"line":32,"column":null}},"9":{"start":{"line":6,"column":12},"end":{"line":6,"column":24}},"10":{"start":{"line":7,"column":12},"end":{"line":7,"column":24}},"11":{"start":{"line":47,"column":2},"end":{"line":70,"column":null}},"12":{"start":{"line":48,"column":23},"end":{"line":62,"column":null}},"13":{"start":{"line":64,"column":4},"end":{"line":67,"column":null}},"14":{"start":{"line":65,"column":6},"end":{"line":65,"column":null}},"15":{"start":{"line":66,"column":6},"end":{"line":66,"column":null}},"16":{"start":{"line":69,"column":4},"end":{"line":69,"column":null}},"17":{"start":{"line":81,"column":2},"end":{"line":91,"column":null}},"18":{"start":{"line":82,"column":22},"end":{"line":89,"column":null}},"19":{"start":{"line":90,"column":4},"end":{"line":90,"column":null}},"20":{"start":{"line":96,"column":2},"end":{"line":96,"column":null}},"21":{"start":{"line":98,"column":2},"end":{"line":104,"column":null}},"22":{"start":{"line":99,"column":4},"end":{"line":101,"column":null}},"23":{"start":{"line":100,"column":6},"end":{"line":100,"column":null}},"24":{"start":{"line":102,"column":4},"end":{"line":102,"column":null}},"25":{"start":{"line":103,"column":4},"end":{"line":103,"column":null}},"26":{"start":{"line":106,"column":2},"end":{"line":113,"column":null}},"27":{"start":{"line":106,"column":26},"end":{"line":113,"column":null}},"28":{"start":{"line":115,"column":2},"end":{"line":115,"column":null}},"29":{"start":{"line":116,"column":2},"end":{"line":116,"column":null}},"30":{"start":{"line":121,"column":2},"end":{"line":121,"column":null}},"31":{"start":{"line":123,"column":2},"end":{"line":123,"column":null}},"32":{"start":{"line":124,"column":2},"end":{"line":124,"column":null}},"33":{"start":{"line":125,"column":2},"end":{"line":125,"column":null}},"34":{"start":{"line":126,"column":2},"end":{"line":126,"column":null}},"35":{"start":{"line":127,"column":2},"end":{"line":127,"column":null}},"36":{"start":{"line":127,"column":26},"end":{"line":127,"column":null}},"37":{"start":{"line":128,"column":2},"end":{"line":128,"column":null}},"38":{"start":{"line":128,"column":24},"end":{"line":128,"column":null}},"39":{"start":{"line":130,"column":2},"end":{"line":136,"column":null}},"40":{"start":{"line":131,"column":4},"end":{"line":133,"column":null}},"41":{"start":{"line":132,"column":6},"end":{"line":132,"column":null}},"42":{"start":{"line":134,"column":4},"end":{"line":134,"column":null}},"43":{"start":{"line":135,"column":4},"end":{"line":135,"column":null}},"44":{"start":{"line":140,"column":35},"end":{"line":169,"column":null}},"45":{"start":{"line":141,"column":3},"end":{"line":168,"column":null}},"46":{"start":{"line":172,"column":37},"end":{"line":174,"column":null}},"47":{"start":{"line":173,"column":2},"end":{"line":173,"column":null}}},"fnMap":{"0":{"name":"(anonymous_0)","decl":{"start":{"line":10,"column":2},"end":{"line":10,"column":8}},"loc":{"start":{"line":10,"column":8},"end":{"line":12,"column":null}},"line":10},"1":{"name":"(anonymous_1)","decl":{"start":{"line":14,"column":2},"end":{"line":14,"column":8}},"loc":{"start":{"line":14,"column":8},"end":{"line":16,"column":null}},"line":14},"2":{"name":"(anonymous_2)","decl":{"start":{"line":18,"column":2},"end":{"line":18,"column":11}},"loc":{"start":{"line":18,"column":11},"end":{"line":20,"column":null}},"line":18},"3":{"name":"(anonymous_3)","decl":{"start":{"line":22,"column":2},"end":{"line":22,"column":9}},"loc":{"start":{"line":22,"column":73},"end":{"line":27,"column":null}},"line":22},"4":{"name":"(anonymous_4)","decl":{"start":{"line":29,"column":2},"end":{"line":29,"column":13}},"loc":{"start":{"line":29,"column":41},"end":{"line":33,"column":null}},"line":29},"5":{"name":"(anonymous_5)","decl":{"start":{"line":5,"column":2},"end":{"line":5,"column":null}},"loc":{"start":{"line":8,"column":4},"end":{"line":8,"column":null}},"line":8},"6":{"name":"(anonymous_6)","decl":{"start":{"line":47,"column":16},"end":{"line":47,"column":17}},"loc":{"start":{"line":47,"column":49},"end":{"line":70,"column":null}},"line":47},"7":{"name":"(anonymous_7)","decl":{"start":{"line":81,"column":21},"end":{"line":81,"column":22}},"loc":{"start":{"line":81,"column":56},"end":{"line":91,"column":null}},"line":81},"8":{"name":"(anonymous_8)","decl":{"start":{"line":98,"column":22},"end":{"line":98,"column":23}},"loc":{"start":{"line":98,"column":38},"end":{"line":104,"column":null}},"line":98},"9":{"name":"(anonymous_9)","decl":{"start":{"line":106,"column":19},"end":{"line":106,"column":26}},"loc":{"start":{"line":106,"column":26},"end":{"line":113,"column":null}},"line":106},"10":{"name":"(anonymous_10)","decl":{"start":{"line":127,"column":20},"end":{"line":127,"column":26}},"loc":{"start":{"line":127,"column":26},"end":{"line":127,"column":null}},"line":127},"11":{"name":"(anonymous_11)","decl":{"start":{"line":128,"column":18},"end":{"line":128,"column":24}},"loc":{"start":{"line":128,"column":24},"end":{"line":128,"column":null}},"line":128},"12":{"name":"(anonymous_12)","decl":{"start":{"line":130,"column":22},"end":{"line":130,"column":23}},"loc":{"start":{"line":130,"column":38},"end":{"line":136,"column":null}},"line":130},"13":{"name":"(anonymous_13)","decl":{"start":{"line":140,"column":35},"end":{"line":140,"column":null}},"loc":{"start":{"line":140,"column":35},"end":{"line":169,"column":null}},"line":140},"14":{"name":"(anonymous_14)","decl":{"start":{"line":172,"column":37},"end":{"line":172,"column":null}},"loc":{"start":{"line":172,"column":37},"end":{"line":174,"column":null}},"line":172}},"branchMap":{"0":{"loc":{"start":{"line":23,"column":4},"end":{"line":25,"column":null}},"type":"if","locations":[{"start":{"line":23,"column":4},"end":{"line":25,"column":null}},{"start":{},"end":{}}],"line":23},"1":{"loc":{"start":{"line":23,"column":8},"end":{"line":23,"column":42}},"type":"binary-expr","locations":[{"start":{"line":23,"column":8},"end":{"line":23,"column":26}},{"start":{"line":23,"column":26},"end":{"line":23,"column":42}}],"line":23},"2":{"loc":{"start":{"line":24,"column":13},"end":{"line":24,"column":63}},"type":"binary-expr","locations":[{"start":{"line":24,"column":13},"end":{"line":24,"column":36}},{"start":{"line":24,"column":40},"end":{"line":24,"column":63}}],"line":24},"3":{"loc":{"start":{"line":26,"column":11},"end":{"line":26,"column":null}},"type":"binary-expr","locations":[{"start":{"line":26,"column":11},"end":{"line":26,"column":40}},{"start":{"line":26,"column":40},"end":{"line":26,"column":null}}],"line":26},"4":{"loc":{"start":{"line":30,"column":16},"end":{"line":30,"column":68}},"type":"cond-expr","locations":[{"start":{"line":30,"column":28},"end":{"line":30,"column":59}},{"start":{"line":30,"column":59},"end":{"line":30,"column":68}}],"line":30},"5":{"loc":{"start":{"line":31,"column":16},"end":{"line":31,"column":68}},"type":"cond-expr","locations":[{"start":{"line":31,"column":28},"end":{"line":31,"column":59}},{"start":{"line":31,"column":59},"end":{"line":31,"column":68}}],"line":31},"6":{"loc":{"start":{"line":64,"column":4},"end":{"line":67,"column":null}},"type":"if","locations":[{"start":{"line":64,"column":4},"end":{"line":67,"column":null}},{"start":{},"end":{}}],"line":64},"7":{"loc":{"start":{"line":99,"column":4},"end":{"line":101,"column":null}},"type":"if","locations":[{"start":{"line":99,"column":4},"end":{"line":101,"column":null}},{"start":{},"end":{}}],"line":99},"8":{"loc":{"start":{"line":131,"column":4},"end":{"line":133,"column":null}},"type":"if","locations":[{"start":{"line":131,"column":4},"end":{"line":133,"column":null}},{"start":{},"end":{}}],"line":131}},"s":{"0":0,"1":0,"2":0,"3":0,"4":0,"5":0,"6":0,"7":0,"8":0,"9":4,"10":4,"11":2,"12":2,"13":2,"14":0,"15":0,"16":2,"17":0,"18":0,"19":0,"20":0,"21":0,"22":0,"23":0,"24":0,"25":0,"26":0,"27":0,"28":0,"29":0,"30":2,"31":2,"32":2,"33":2,"34":2,"35":2,"36":0,"37":2,"38":0,"39":2,"40":0,"41":0,"42":0,"43":0,"44":3,"45":33,"46":3,"47":33},"f":{"0":0,"1":0,"2":0,"3":0,"4":0,"5":4,"6":2,"7":0,"8":0,"9":0,"10":0,"11":0,"12":0,"13":33,"14":33},"b":{"0":[0,0],"1":[0,0],"2":[0,0],"3":[0,0],"4":[0,0],"5":[0,0],"6":[0,2],"7":[0,0],"8":[0,0]},"meta":{"lastBranch":9,"lastFunction":15,"lastStatement":48,"seen":{"f:10:2:10:8":0,"s:11:4:11:Infinity":0,"f:14:2:14:8":1,"s:15:4:15:Infinity":1,"f:18:2:18:11":2,"s:19:4:19:Infinity":2,"f:22:2:22:9":3,"b:23:4:25:Infinity:undefined:undefined:undefined:undefined":0,"s:23:4:25:Infinity":3,"b:23:8:23:26:23:26:23:42":1,"s:24:6:24:Infinity":4,"b:24:13:24:36:24:40:24:63":2,"s:26:4:26:Infinity":5,"b:26:11:26:40:26:40:26:Infinity":3,"f:29:2:29:13":4,"s:30:16:30:68":6,"b:30:28:30:59:30:59:30:68":4,"s:31:16:31:68":7,"b:31:28:31:59:31:59:31:68":5,"s:32:4:32:Infinity":8,"f:5:2:5:Infinity":5,"s:6:12:6:24":9,"s:7:12:7:24":10,"s:47:2:70:Infinity":11,"f:47:16:47:17":6,"s:48:23:62:Infinity":12,"b:64:4:67:Infinity:undefined:undefined:undefined:undefined":6,"s:64:4:67:Infinity":13,"s:65:6:65:Infinity":14,"s:66:6:66:Infinity":15,"s:69:4:69:Infinity":16,"s:81:2:91:Infinity":17,"f:81:21:81:22":7,"s:82:22:89:Infinity":18,"s:90:4:90:Infinity":19,"s:96:2:96:Infinity":20,"s:98:2:104:Infinity":21,"f:98:22:98:23":8,"b:99:4:101:Infinity:undefined:undefined:undefined:undefined":7,"s:99:4:101:Infinity":22,"s:100:6:100:Infinity":23,"s:102:4:102:Infinity":24,"s:103:4:103:Infinity":25,"s:106:2:113:Infinity":26,"f:106:19:106:26":9,"s:106:26:113:Infinity":27,"s:115:2:115:Infinity":28,"s:116:2:116:Infinity":29,"s:121:2:121:Infinity":30,"s:123:2:123:Infinity":31,"s:124:2:124:Infinity":32,"s:125:2:125:Infinity":33,"s:126:2:126:Infinity":34,"s:127:2:127:Infinity":35,"f:127:20:127:26":10,"s:127:26:127:Infinity":36,"s:128:2:128:Infinity":37,"f:128:18:128:24":11,"s:128:24:128:Infinity":38,"s:130:2:136:Infinity":39,"f:130:22:130:23":12,"b:131:4:133:Infinity:undefined:undefined:undefined:undefined":8,"s:131:4:133:Infinity":40,"s:132:6:132:Infinity":41,"s:134:4:134:Infinity":42,"s:135:4:135:Infinity":43,"s:140:35:169:Infinity":44,"f:140:35:140:Infinity":13,"s:141:3:168:Infinity":45,"s:172:37:174:Infinity":46,"f:172:37:172:Infinity":14,"s:173:2:173:Infinity":47}}}
,"integrationTests/tests/mocks/reactQuery.tsx": {"path":"integrationTests/tests/mocks/reactQuery.tsx","statementMap":{"0":{"start":{"line":5,"column":37},"end":{"line":13,"column":null}},"1":{"start":{"line":6,"column":2},"end":{"line":13,"column":null}},"2":{"start":{"line":16,"column":34},"end":{"line":22,"column":null}},"3":{"start":{"line":17,"column":17},"end":{"line":17,"column":null}},"4":{"start":{"line":19,"column":2},"end":{"line":21,"column":null}}},"fnMap":{"0":{"name":"(anonymous_0)","decl":{"start":{"line":5,"column":37},"end":{"line":5,"column":null}},"loc":{"start":{"line":6,"column":2},"end":{"line":13,"column":null}},"line":6},"1":{"name":"(anonymous_1)","decl":{"start":{"line":16,"column":34},"end":{"line":16,"column":35}},"loc":{"start":{"line":16,"column":35},"end":{"line":22,"column":null}},"line":16},"2":{"name":"QueryWrapper","decl":{"start":{"line":19,"column":18},"end":{"line":19,"column":31}},"loc":{"start":{"line":19,"column":68},"end":{"line":21,"column":null}},"line":19}},"branchMap":{"0":{"loc":{"start":{"line":17,"column":17},"end":{"line":17,"column":null}},"type":"binary-expr","locations":[{"start":{"line":17,"column":17},"end":{"line":17,"column":32}},{"start":{"line":17,"column":32},"end":{"line":17,"column":null}}],"line":17}},"s":{"0":2,"1":33,"2":2,"3":33,"4":33},"f":{"0":33,"1":33,"2":33},"b":{"0":[33,33]},"meta":{"lastBranch":1,"lastFunction":3,"lastStatement":5,"seen":{"s:5:37:13:Infinity":0,"f:5:37:5:Infinity":0,"s:6:2:13:Infinity":1,"s:16:34:22:Infinity":2,"f:16:34:16:35":1,"s:17:17:17:Infinity":3,"b:17:17:17:32:17:32:17:Infinity":0,"s:19:2:21:Infinity":4,"f:19:18:19:31":2}}}
}
